"../../../Engine/Content/Maps/Templates/Thumbnails/Default.uasset" 0
"../../../Engine/Content/Maps/Templates/Thumbnails/Default.uexp" 1
"../../../Engine/Content/Maps/Templates/Thumbnails/TimeOfDay.uasset" 2
"../../../Engine/Content/Maps/Templates/Thumbnails/TimeOfDay.uexp" 3
"../../../Engine/Content/Maps/Templates/Thumbnails/VR-Basic.uasset" 4
"../../../Engine/Content/Maps/Templates/Thumbnails/VR-Basic.uexp" 5
"../../../Engine/Content/MobileResources/T_MobileControls_texture.uasset" 6
"../../../Engine/Content/MobileResources/T_MobileControls_texture.uexp" 7
"../../../Engine/Content/MobileResources/T_MobileMenu2.uasset" 8
"../../../Engine/Content/MobileResources/T_MobileMenu2.uexp" 9
"../../../Engine/Content/MobileResources/HUD/MobileHUDDirectionPad3.uasset" 10
"../../../Engine/Content/MobileResources/HUD/MobileHUDDirectionPad3.uexp" 11
"../../../Engine/Content/MobileResources/HUD/MobileHUDButton2_off.uasset" 12
"../../../Engine/Content/MobileResources/HUD/MobileHUDButton2_off.uexp" 13
"../../../Engine/Content/MobileResources/HUD/MobileHUDButton3.uasset" 14
"../../../Engine/Content/MobileResources/HUD/MobileHUDButton3.uexp" 15
"../../../Engine/Content/MobileResources/HUD/T_Castle_ThumbstickInner.uasset" 16
"../../../Engine/Content/MobileResources/HUD/T_Castle_ThumbstickInner.uexp" 17
"../../../Engine/Content/MobileResources/HUD/MobileHUDDirectionStick.uasset" 18
"../../../Engine/Content/MobileResources/HUD/MobileHUDDirectionStick.uexp" 19
"../../../Engine/Content/MobileResources/HUD/VirtualJoystick_Background.uasset" 20
"../../../Engine/Content/MobileResources/HUD/VirtualJoystick_Background.uexp" 21
"../../../Engine/Content/MobileResources/HUD/VirtualJoystick_Thumb.uasset" 22
"../../../Engine/Content/MobileResources/HUD/VirtualJoystick_Thumb.uexp" 23
"../../../Engine/Content/MobileResources/HUD/DefaultVirtualJoysticks.uasset" 24
"../../../Engine/Content/MobileResources/HUD/DefaultVirtualJoysticks.uexp" 25
"../../../Engine/Content/MobileResources/HUD/T_Castle_ThumbstickOutter.uasset" 26
"../../../Engine/Content/MobileResources/HUD/T_Castle_ThumbstickOutter.uexp" 27
"../../../Engine/Content/MobileResources/HUD/MobileHUDButton2_on.uasset" 28
"../../../Engine/Content/MobileResources/HUD/MobileHUDButton2_on.uexp" 29
"../../../Engine/Content/MobileResources/HUD/MobileHUDDirectionPad2.uasset" 30
"../../../Engine/Content/MobileResources/HUD/MobileHUDDirectionPad2.uexp" 31
"../../../Engine/Content/MobileResources/HUD/MobileHUDDirectionPad.uasset" 32
"../../../Engine/Content/MobileResources/HUD/MobileHUDDirectionPad.uexp" 33
"../../../Engine/Content/MobileResources/HUD/AnalogHat.uasset" 34
"../../../Engine/Content/MobileResources/HUD/AnalogHat.uexp" 35
"../../../Engine/Content/MobileResources/HUD/MobileHUDButton1_on.uasset" 36
"../../../Engine/Content/MobileResources/HUD/MobileHUDButton1_on.uexp" 37
"../../../Engine/Content/MobileResources/HUD/MobileHUDButtonFire.uasset" 38
"../../../Engine/Content/MobileResources/HUD/MobileHUDButtonFire.uexp" 39
"../../../Engine/Content/MobileResources/HUD/LeftVirtualJoystickOnly.uasset" 40
"../../../Engine/Content/MobileResources/HUD/LeftVirtualJoystickOnly.uexp" 41
"../../../Engine/Content/MobileResources/HUD/MobileHUDButton1_off.uasset" 42
"../../../Engine/Content/MobileResources/HUD/MobileHUDButton1_off.uexp" 43
"../../../Engine/Content/Tutorial/ContentIntroCurve.uasset" 44
"../../../Engine/Content/Tutorial/ContentIntroCurve.uexp" 45
"../../../Engine/Content/Tutorial/Basics/TutorialAssets/icon_tab_Levels_40x.uasset" 46
"../../../Engine/Content/Tutorial/Basics/TutorialAssets/icon_tab_Levels_40x.uexp" 47
"../../../Engine/Content/Tutorial/BlueprintTutorials/TutorialAssets/Blueprint_64x.uasset" 48
"../../../Engine/Content/Tutorial/BlueprintTutorials/TutorialAssets/Blueprint_64x.uexp" 49
"../../../Engine/Content/EngineResources/DefaultTextureCube.uasset" 50
"../../../Engine/Content/EngineResources/DefaultTextureCube.uexp" 51
"../../../Engine/Content/EngineResources/DefaultTexture.uasset" 52
"../../../Engine/Content/EngineResources/DefaultTexture.uexp" 53
"../../../Engine/Content/EngineResources/DefaultTexture.ubulk" 54
"../../../Engine/Content/EngineResources/Black.uasset" 55
"../../../Engine/Content/EngineResources/Black.uexp" 56
"../../../Engine/Content/EngineResources/DefaultVolumeTexture2D.uasset" 57
"../../../Engine/Content/EngineResources/DefaultVolumeTexture2D.uexp" 58
"../../../Engine/Content/EngineResources/DefaultVolumeTexture.uasset" 59
"../../../Engine/Content/EngineResources/DefaultVolumeTexture.uexp" 60
"../../../Engine/Content/EngineResources/StreamingPauseIcon.uasset" 61
"../../../Engine/Content/EngineResources/StreamingPauseIcon.uexp" 62
"../../../Engine/Content/EngineResources/M_StreamingPause.uasset" 63
"../../../Engine/Content/EngineResources/M_StreamingPause.uexp" 64
"../../../Engine/Content/EngineResources/GradientTexture0.uasset" 65
"../../../Engine/Content/EngineResources/GradientTexture0.uexp" 66
"../../../Engine/Content/EditorLandscapeResources/DataLayer.uasset" 67
"../../../Engine/Content/EditorLandscapeResources/DataLayer.uexp" 68
"../../../Engine/Content/EditorLandscapeResources/LandscapeGizmo_Mat.uasset" 69
"../../../Engine/Content/EditorLandscapeResources/LandscapeGizmo_Mat.uexp" 70
"../../../Engine/Content/EditorLandscapeResources/LandscapeGizmo_Mat_Copied.uasset" 71
"../../../Engine/Content/EditorLandscapeResources/LandscapeGizmo_Mat_Copied.uexp" 72
"../../../Engine/Content/EditorLandscapeResources/SplineEditorMeshMat.uasset" 73
"../../../Engine/Content/EditorLandscapeResources/SplineEditorMeshMat.uexp" 74
"../../../Engine/Content/EditorLandscapeResources/SplineEditorMesh.uasset" 75
"../../../Engine/Content/EditorLandscapeResources/SplineEditorMesh.uexp" 76
"../../../Engine/Content/EditorLandscapeResources/LandscapeGizmoHeight_Mat.uasset" 77
"../../../Engine/Content/EditorLandscapeResources/LandscapeGizmoHeight_Mat.uexp" 78
"../../../Engine/Content/EditorLandscapeResources/DefaultAlphaTexture.uasset" 79
"../../../Engine/Content/EditorLandscapeResources/DefaultAlphaTexture.uexp" 80
"../../../Engine/Content/EditorSounds/Notifications/CompileSuccess.uasset" 81
"../../../Engine/Content/EditorSounds/Notifications/CompileSuccess.uexp" 82
"../../../Engine/Content/EditorSounds/Notifications/CompileSuccess_Cue.uasset" 83
"../../../Engine/Content/EditorSounds/Notifications/CompileSuccess_Cue.uexp" 84
"../../../Engine/Content/EditorSounds/Notifications/CompileFailed.uasset" 85
"../../../Engine/Content/EditorSounds/Notifications/CompileFailed.uexp" 86
"../../../Engine/Content/EditorSounds/Notifications/CompileFailed_Cue.uasset" 87
"../../../Engine/Content/EditorSounds/Notifications/CompileFailed_Cue.uexp" 88
"../../../Engine/Content/EditorSounds/Notifications/CompileStart_Cue.uasset" 89
"../../../Engine/Content/EditorSounds/Notifications/CompileStart_Cue.uexp" 90
"../../../Engine/Content/EditorMeshes/EditorCube.uasset" 91
"../../../Engine/Content/EditorMeshes/EditorCube.uexp" 92
"../../../Engine/Content/EditorMeshes/EditorPlane.uasset" 93
"../../../Engine/Content/EditorMeshes/EditorPlane.uexp" 94
"../../../Engine/Content/EditorResources/MatineeCam_D.uasset" 95
"../../../Engine/Content/EditorResources/MatineeCam_D.uexp" 96
"../../../Engine/Content/EditorMaterials/MatineeCam_mat.uasset" 97
"../../../Engine/Content/EditorMaterials/MatineeCam_mat.uexp" 98
"../../../Engine/Content/EditorMeshes/MatineeCam_SM.uasset" 99
"../../../Engine/Content/EditorMeshes/MatineeCam_SM.uexp" 100
"../../../Engine/Content/EditorMeshes/EditorCylinder.uasset" 101
"../../../Engine/Content/EditorMeshes/EditorCylinder.uexp" 102
"../../../Engine/Content/EditorMaterials/Thumbnails/SkySphereMaterial.uasset" 103
"../../../Engine/Content/EditorMaterials/Thumbnails/SkySphereMaterial.uexp" 104
"../../../Engine/Content/EditorMeshes/EditorSkySphere.uasset" 105
"../../../Engine/Content/EditorMeshes/EditorSkySphere.uexp" 106
"../../../Engine/Content/EngineMaterials/T_Default_Material_Grid_N.uasset" 107
"../../../Engine/Content/EngineMaterials/T_Default_Material_Grid_N.uexp" 108
"../../../Engine/Content/EngineMaterials/T_Default_Material_Grid_N.ubulk" 109
"../../../Engine/Content/EngineMaterials/T_Default_Material_Grid_M.uasset" 110
"../../../Engine/Content/EngineMaterials/T_Default_Material_Grid_M.uexp" 111
"../../../Engine/Content/EngineMaterials/T_Default_Material_Grid_M.ubulk" 112
"../../../Engine/Content/Functions/Engine_MaterialFunctions01/Opacity/CameraDepthFade.uasset" 113
"../../../Engine/Content/Functions/Engine_MaterialFunctions01/Opacity/CameraDepthFade.uexp" 114
"../../../Engine/Content/EngineMaterials/WorldGridMaterial.uasset" 115
"../../../Engine/Content/EngineMaterials/WorldGridMaterial.uexp" 116
"../../../Engine/Content/EditorMeshes/PlanarReflectionPlane.uasset" 117
"../../../Engine/Content/EditorMeshes/PlanarReflectionPlane.uexp" 118
"../../../Engine/Content/EditorMeshes/EditorSphere.uasset" 119
"../../../Engine/Content/EditorMeshes/EditorSphere.uexp" 120
"../../../Engine/Content/EditorMaterials/Camera/CineMat.uasset" 121
"../../../Engine/Content/EditorMaterials/Camera/CineMat.uexp" 122
"../../../Engine/Content/EditorMaterials/Camera/MI_CineMat_Rig.uasset" 123
"../../../Engine/Content/EditorMaterials/Camera/MI_CineMat_Rig.uexp" 124
"../../../Engine/Content/EditorMeshes/Camera/SM_CraneRig_Body.uasset" 125
"../../../Engine/Content/EditorMeshes/Camera/SM_CraneRig_Body.uexp" 126
"../../../Engine/Content/EditorMeshes/Camera/SM_RailRig_Mount.uasset" 127
"../../../Engine/Content/EditorMeshes/Camera/SM_RailRig_Mount.uexp" 128
"../../../Engine/Content/EngineDebugMaterials/M_SimpleOpaque.uasset" 129
"../../../Engine/Content/EngineDebugMaterials/M_SimpleOpaque.uexp" 130
"../../../Engine/Content/EditorMaterials/Camera/MI_CineMat_CamViewFinder.uasset" 131
"../../../Engine/Content/EditorMaterials/Camera/MI_CineMat_CamViewFinder.uexp" 132
"../../../Engine/Content/EditorMaterials/Camera/MI_CineMat_CameraBody.uasset" 133
"../../../Engine/Content/EditorMaterials/Camera/MI_CineMat_CameraBody.uexp" 134
"../../../Engine/Content/EditorMeshes/Camera/SM_CineCam.uasset" 135
"../../../Engine/Content/EditorMeshes/Camera/SM_CineCam.uexp" 136
"../../../Engine/Content/EditorMeshes/Camera/SM_CraneRig_Base.uasset" 137
"../../../Engine/Content/EditorMeshes/Camera/SM_CraneRig_Base.uexp" 138
"../../../Engine/Content/EditorMeshes/Camera/SM_CraneRig_Mount.uasset" 139
"../../../Engine/Content/EditorMeshes/Camera/SM_CraneRig_Mount.uexp" 140
"../../../Engine/Content/EditorMeshes/Camera/SM_CraneRig_Arm.uasset" 141
"../../../Engine/Content/EditorMeshes/Camera/SM_CraneRig_Arm.uexp" 142
"../../../Engine/Content/EditorMeshes/Camera/SM_RailRig_Track.uasset" 143
"../../../Engine/Content/EditorMeshes/Camera/SM_RailRig_Track.uexp" 144
"../../../Engine/Content/EditorMeshes/ColorCalibrator/M_ChromeBall.uasset" 145
"../../../Engine/Content/EditorMeshes/ColorCalibrator/M_ChromeBall.uexp" 146
"../../../Engine/Content/EngineFonts/Faces/RobotoTiny.uasset" 147
"../../../Engine/Content/EngineFonts/Faces/RobotoTiny.uexp" 148
"../../../Engine/Content/EngineFonts/Faces/RobotoTiny.ufont" 149
"../../../Engine/Content/EngineFonts/Faces/DroidSansFallback.uasset" 150
"../../../Engine/Content/EngineFonts/Faces/DroidSansFallback.uexp" 151
"../../../Engine/Content/EngineFonts/Faces/DroidSansFallback.ufont" 152
"../../../Engine/Content/EngineFonts/RobotoTiny.uasset" 153
"../../../Engine/Content/EngineFonts/RobotoTiny.uexp" 154
"../../../Engine/Content/EngineFonts/SmallFont.uasset" 155
"../../../Engine/Content/EngineFonts/SmallFont.uexp" 156
"../../../Engine/Content/EngineFonts/Faces/RobotoRegular.uasset" 157
"../../../Engine/Content/EngineFonts/Faces/RobotoRegular.uexp" 158
"../../../Engine/Content/EngineFonts/Faces/RobotoRegular.ufont" 159
"../../../Engine/Content/EngineFonts/Faces/RobotoLight.uasset" 160
"../../../Engine/Content/EngineFonts/Faces/RobotoLight.uexp" 161
"../../../Engine/Content/EngineFonts/Faces/RobotoLight.ufont" 162
"../../../Engine/Content/EngineFonts/Faces/RobotoItalic.uasset" 163
"../../../Engine/Content/EngineFonts/Faces/RobotoItalic.uexp" 164
"../../../Engine/Content/EngineFonts/Faces/RobotoItalic.ufont" 165
"../../../Engine/Content/EngineFonts/Faces/RobotoBoldItalic.uasset" 166
"../../../Engine/Content/EngineFonts/Faces/RobotoBoldItalic.uexp" 167
"../../../Engine/Content/EngineFonts/Faces/RobotoBoldItalic.ufont" 168
"../../../Engine/Content/EngineFonts/Faces/RobotoBold.uasset" 169
"../../../Engine/Content/EngineFonts/Faces/RobotoBold.uexp" 170
"../../../Engine/Content/EngineFonts/Faces/RobotoBold.ufont" 171
"../../../Engine/Content/EngineFonts/Roboto.uasset" 172
"../../../Engine/Content/EngineFonts/Roboto.uexp" 173
"../../../Engine/Content/EngineFonts/TinyFont.uasset" 174
"../../../Engine/Content/EngineFonts/TinyFont.uexp" 175
"../../../Engine/Content/EngineDamageTypes/DmgTypeBP_Environmental.uasset" 176
"../../../Engine/Content/EngineDamageTypes/DmgTypeBP_Environmental.uexp" 177
"../../../Engine/Content/ArtTools/RenderToTexture/Enums/RenderToTexture_Enum.uasset" 178
"../../../Engine/Content/ArtTools/RenderToTexture/Enums/RenderToTexture_Enum.uexp" 179
"../../../Engine/Content/ArtTools/RenderToTexture/Enums/EFloatTypes.uasset" 180
"../../../Engine/Content/ArtTools/RenderToTexture/Enums/EFloatTypes.uexp" 181
"../../../Engine/Content/ArtTools/RenderToTexture/Enums/RenderToTexture_Imposter_Enum.uasset" 182
"../../../Engine/Content/ArtTools/RenderToTexture/Enums/RenderToTexture_Imposter_Enum.uexp" 183
"../../../Engine/Content/ArtTools/RenderToTexture/Enums/RenderToTexture_Flipbook_Enum.uasset" 184
"../../../Engine/Content/ArtTools/RenderToTexture/Enums/RenderToTexture_Flipbook_Enum.uexp" 185
"../../../Engine/Content/ArtTools/RenderToTexture/Enums/EIntTypes.uasset" 186
"../../../Engine/Content/ArtTools/RenderToTexture/Enums/EIntTypes.uexp" 187
"../../../Engine/Content/ArtTools/RenderToTexture/Meshes/S_1_Unit_Plane.uasset" 188
"../../../Engine/Content/ArtTools/RenderToTexture/Meshes/S_1_Unit_Plane.uexp" 189
"../../../Engine/Content/EngineMaterials/DefaultCalibrationGrayscale.uasset" 190
"../../../Engine/Content/EngineMaterials/DefaultCalibrationGrayscale.uexp" 191
"../../../Engine/Content/EngineMaterials/PPM_DefaultCalibrationGrayscale.uasset" 192
"../../../Engine/Content/EngineMaterials/PPM_DefaultCalibrationGrayscale.uexp" 193
"../../../Engine/Content/EngineResources/WhiteSquareTexture.uasset" 194
"../../../Engine/Content/EngineResources/WhiteSquareTexture.uexp" 195
"../../../Engine/Content/EngineMaterials/Widget3DPassThrough.uasset" 196
"../../../Engine/Content/EngineMaterials/Widget3DPassThrough.uexp" 197
"../../../Engine/Content/EngineMaterials/Widget3DPassThrough_Masked.uasset" 198
"../../../Engine/Content/EngineMaterials/Widget3DPassThrough_Masked.uexp" 199
"../../../Engine/Content/EngineMaterials/WeightMapPlaceholderTexture.uasset" 200
"../../../Engine/Content/EngineMaterials/WeightMapPlaceholderTexture.uexp" 201
"../../../Engine/Content/EngineMaterials/Widget3DPassThrough_Translucent.uasset" 202
"../../../Engine/Content/EngineMaterials/Widget3DPassThrough_Translucent.uexp" 203
"../../../Engine/Content/EngineMaterials/Widget3DPassThrough_Translucent_OneSided.uasset" 204
"../../../Engine/Content/EngineMaterials/Widget3DPassThrough_Translucent_OneSided.uexp" 205
"../../../Engine/Content/EngineMaterials/PaperDiffuse.uasset" 206
"../../../Engine/Content/EngineMaterials/PaperDiffuse.uexp" 207
"../../../Engine/Content/EngineMaterials/BlinkingCaret.uasset" 208
"../../../Engine/Content/EngineMaterials/BlinkingCaret.uexp" 209
"../../../Engine/Content/EngineMaterials/DefaultCalibrationColor.uasset" 210
"../../../Engine/Content/EngineMaterials/DefaultCalibrationColor.uexp" 211
"../../../Engine/Content/EngineMaterials/PPM_DefaultCalibrationColor.uasset" 212
"../../../Engine/Content/EngineMaterials/PPM_DefaultCalibrationColor.uexp" 213
"../../../Engine/Content/EngineMaterials/EditorBrushMaterial.uasset" 214
"../../../Engine/Content/EngineMaterials/EditorBrushMaterial.uexp" 215
"../../../Engine/Content/EngineMaterials/PaperNormal.uasset" 216
"../../../Engine/Content/EngineMaterials/PaperNormal.uexp" 217
"../../../Engine/Content/Functions/Engine_MaterialFunctions02/WorldPositionOffset/CameraOffset.uasset" 218
"../../../Engine/Content/Functions/Engine_MaterialFunctions02/WorldPositionOffset/CameraOffset.uexp" 219
"../../../Engine/Content/EngineMaterials/PhAT_JointLimitMaterial.uasset" 220
"../../../Engine/Content/EngineMaterials/PhAT_JointLimitMaterial.uexp" 221
"../../../Engine/Content/EngineMaterials/GizmoMaterial.uasset" 222
"../../../Engine/Content/EngineMaterials/GizmoMaterial.uexp" 223
"../../../Engine/Content/EngineMaterials/DefaultNormal.uasset" 224
"../../../Engine/Content/EngineMaterials/DefaultNormal.uexp" 225
"../../../Engine/Content/EngineMaterials/DefaultNormal.ubulk" 226
"../../../Engine/Content/Functions/Engine_MaterialFunctions02/Utility/BreakOutFloat2Components.uasset" 227
"../../../Engine/Content/Functions/Engine_MaterialFunctions02/Utility/BreakOutFloat2Components.uexp" 228
"../../../Engine/Content/EngineMaterials/HighResScreenshotCaptureRegion.uasset" 229
"../../../Engine/Content/EngineMaterials/HighResScreenshotCaptureRegion.uexp" 230
"../../../Engine/Content/EngineMaterials/LandscapeHolePhysicalMaterial.uasset" 231
"../../../Engine/Content/EngineMaterials/LandscapeHolePhysicalMaterial.uexp" 232
"../../../Engine/Content/EngineMaterials/BlueNoise.uasset" 233
"../../../Engine/Content/EngineMaterials/BlueNoise.uexp" 234
"../../../Engine/Content/EngineMaterials/DefaultWhiteGrid_Low.uasset" 235
"../../../Engine/Content/EngineMaterials/DefaultWhiteGrid_Low.uexp" 236
"../../../Engine/Content/EngineMaterials/EmissiveMeshMaterial.uasset" 237
"../../../Engine/Content/EngineMaterials/EmissiveMeshMaterial.uexp" 238
"../../../Engine/Content/EngineMaterials/Widget3DPassThrough_Opaque.uasset" 239
"../../../Engine/Content/EngineMaterials/Widget3DPassThrough_Opaque.uexp" 240
"../../../Engine/Content/EngineMaterials/Widget3DPassThrough_Masked_OneSided.uasset" 241
"../../../Engine/Content/EngineMaterials/Widget3DPassThrough_Masked_OneSided.uexp" 242
"../../../Engine/Content/EngineMaterials/Good64x64TilingNoiseHighFreq.uasset" 243
"../../../Engine/Content/EngineMaterials/Good64x64TilingNoiseHighFreq.uexp" 244
"../../../Engine/Content/EngineMaterials/DefaultBloomKernel.uasset" 245
"../../../Engine/Content/EngineMaterials/DefaultBloomKernel.uexp" 246
"../../../Engine/Content/EngineMaterials/HighResolutionScreenshotMaskFunction.uasset" 247
"../../../Engine/Content/EngineMaterials/HighResolutionScreenshotMaskFunction.uexp" 248
"../../../Engine/Content/EngineMaterials/HighResScreenshot.uasset" 249
"../../../Engine/Content/EngineMaterials/HighResScreenshot.uexp" 250
"../../../Engine/Content/EngineMaterials/RemoveSurfaceMaterial.uasset" 251
"../../../Engine/Content/EngineMaterials/RemoveSurfaceMaterial.uexp" 252
"../../../Engine/Content/EngineMaterials/DefaultDiffuse.uasset" 253
"../../../Engine/Content/EngineMaterials/DefaultDiffuse.uexp" 254
"../../../Engine/Content/EngineMaterials/DefaultDiffuse.ubulk" 255
"../../../Engine/Content/EngineMaterials/DefaultDeferredDecalMaterial.uasset" 256
"../../../Engine/Content/EngineMaterials/DefaultDeferredDecalMaterial.uexp" 257
"../../../Engine/Content/EngineMaterials/DefaultPostProcessMaterial.uasset" 258
"../../../Engine/Content/EngineMaterials/DefaultPostProcessMaterial.uexp" 259
"../../../Engine/Content/Functions/Engine_MaterialFunctions01/ImageAdjustment/sRGBToLinear.uasset" 260
"../../../Engine/Content/Functions/Engine_MaterialFunctions01/ImageAdjustment/sRGBToLinear.uexp" 261
"../../../Engine/Content/Functions/Engine_MaterialFunctions02/Utility/BreakOutFloat3Components.uasset" 262
"../../../Engine/Content/Functions/Engine_MaterialFunctions02/Utility/BreakOutFloat3Components.uexp" 263
"../../../Engine/Content/Functions/Engine_MaterialFunctions02/Utility/MakeFloat3.uasset" 264
"../../../Engine/Content/Functions/Engine_MaterialFunctions02/Utility/MakeFloat3.uexp" 265
"../../../Engine/Content/EngineMaterials/Widget3DCameraPassThrough_Opaque_OneSided.uasset" 266
"../../../Engine/Content/EngineMaterials/Widget3DCameraPassThrough_Opaque_OneSided.uexp" 267
"../../../Engine/Content/EngineMaterials/BaseFlattenNormalMap.uasset" 268
"../../../Engine/Content/EngineMaterials/BaseFlattenNormalMap.uexp" 269
"../../../Engine/Content/EngineMaterials/BaseFlattenEmissiveMap.uasset" 270
"../../../Engine/Content/EngineMaterials/BaseFlattenEmissiveMap.uexp" 271
"../../../Engine/Content/EngineMaterials/BaseFlattenGrayscaleMap.uasset" 272
"../../../Engine/Content/EngineMaterials/BaseFlattenGrayscaleMap.uexp" 273
"../../../Engine/Content/EngineMaterials/BaseFlattenDiffuseMap.uasset" 274
"../../../Engine/Content/EngineMaterials/BaseFlattenDiffuseMap.uexp" 275
"../../../Engine/Content/EngineMaterials/BaseFlattenMaterial.uasset" 276
"../../../Engine/Content/EngineMaterials/BaseFlattenMaterial.uexp" 277
"../../../Engine/Content/EngineMaterials/InvalidLightmapSettings.uasset" 278
"../../../Engine/Content/EngineMaterials/InvalidLightmapSettings.uexp" 279
"../../../Engine/Content/EngineMaterials/InvalidLightmapSettings.ubulk" 280
"../../../Engine/Content/EngineMaterials/M_InvalidLightmapSettings.uasset" 281
"../../../Engine/Content/EngineMaterials/M_InvalidLightmapSettings.uexp" 282
"../../../Engine/Content/EngineMaterials/HighResScreenshotMask.uasset" 283
"../../../Engine/Content/EngineMaterials/HighResScreenshotMask.uexp" 284
"../../../Engine/Content/EngineFonts/RobotoDistanceField.uasset" 285
"../../../Engine/Content/EngineFonts/RobotoDistanceField.uexp" 286
"../../../Engine/Content/EngineMaterials/DefaultTextMaterialOpaque.uasset" 287
"../../../Engine/Content/EngineMaterials/DefaultTextMaterialOpaque.uexp" 288
"../../../Engine/Content/EngineMaterials/PreintegratedSkinBRDF.uasset" 289
"../../../Engine/Content/EngineMaterials/PreintegratedSkinBRDF.uexp" 290
"../../../Engine/Content/EngineMaterials/Widget3DPassThrough_Opaque_OneSided.uasset" 291
"../../../Engine/Content/EngineMaterials/Widget3DPassThrough_Opaque_OneSided.uexp" 292
"../../../Engine/Content/EngineMaterials/PhysMat_Rubber.uasset" 293
"../../../Engine/Content/EngineMaterials/PhysMat_Rubber.uexp" 294
"../../../Engine/Content/EngineMaterials/DefaultBokeh.uasset" 295
"../../../Engine/Content/EngineMaterials/DefaultBokeh.uexp" 296
"../../../Engine/Content/EngineMaterials/DefaultLightFunctionMaterial.uasset" 297
"../../../Engine/Content/EngineMaterials/DefaultLightFunctionMaterial.uexp" 298
"../../../Engine/Content/EngineMaterials/Grid_N.uasset" 299
"../../../Engine/Content/EngineMaterials/Grid_N.uexp" 300
"../../../Engine/Content/EngineMaterials/Grid_N.ubulk" 301
"../../../Engine/Content/EngineDebugMaterials/DebugEditorMaterial.uasset" 302
"../../../Engine/Content/EngineDebugMaterials/DebugEditorMaterial.uexp" 303
"../../../Engine/Content/Functions/Engine_MaterialFunctions01/Shading/ConvertFromDiffSpec.uasset" 304
"../../../Engine/Content/Functions/Engine_MaterialFunctions01/Shading/ConvertFromDiffSpec.uexp" 305
"../../../Engine/Content/EngineDebugMaterials/VertexColorMaterial.uasset" 306
"../../../Engine/Content/EngineDebugMaterials/VertexColorMaterial.uexp" 307
"../../../Engine/Content/EngineDebugMaterials/GeomMaterial.uasset" 308
"../../../Engine/Content/EngineDebugMaterials/GeomMaterial.uexp" 309
"../../../Engine/Content/EngineDebugMaterials/WireframeMaterial.uasset" 310
"../../../Engine/Content/EngineDebugMaterials/WireframeMaterial.uexp" 311
"../../../Engine/Content/EngineDebugMaterials/HeatmapGradient.uasset" 312
"../../../Engine/Content/EngineDebugMaterials/HeatmapGradient.uexp" 313
"../../../Engine/Content/EngineDebugMaterials/HeatmapGradient.ubulk" 314
"../../../Engine/Content/EngineDebugMaterials/BoneWeightMaterial.uasset" 315
"../../../Engine/Content/EngineDebugMaterials/BoneWeightMaterial.uexp" 316
"../../../Engine/Content/EngineDebugMaterials/VolumeToRender.uasset" 317
"../../../Engine/Content/EngineDebugMaterials/VolumeToRender.uexp" 318
"../../../Engine/Content/Functions/Engine_MaterialFunctions02/Utility/CameraDirectionVector.uasset" 319
"../../../Engine/Content/Functions/Engine_MaterialFunctions02/Utility/CameraDirectionVector.uexp" 320
"../../../Engine/Content/EngineDebugMaterials/M_VolumeRenderSphereTracePP.uasset" 321
"../../../Engine/Content/EngineDebugMaterials/M_VolumeRenderSphereTracePP.uexp" 322
"../../../Engine/Content/EngineDebugMaterials/VertexColorViewMode_BlueOnly.uasset" 323
"../../../Engine/Content/EngineDebugMaterials/VertexColorViewMode_BlueOnly.uexp" 324
"../../../Engine/Content/EngineDebugMaterials/LevelColorationLitMaterial.uasset" 325
"../../../Engine/Content/EngineDebugMaterials/LevelColorationLitMaterial.uexp" 326
"../../../Engine/Content/EngineDebugMaterials/VertexColorViewMode_AlphaAsColor.uasset" 327
"../../../Engine/Content/EngineDebugMaterials/VertexColorViewMode_AlphaAsColor.uexp" 328
"../../../Engine/Content/EngineDebugMaterials/VertexColorViewMode_RedOnly.uasset" 329
"../../../Engine/Content/EngineDebugMaterials/VertexColorViewMode_RedOnly.uexp" 330
"../../../Engine/Content/EngineDebugMaterials/ShadedLevelColorationUnlitMateri.uasset" 331
"../../../Engine/Content/EngineDebugMaterials/ShadedLevelColorationUnlitMateri.uexp" 332
"../../../Engine/Content/EngineDebugMaterials/ClothMaterial.uasset" 333
"../../../Engine/Content/EngineDebugMaterials/ClothMaterial.uexp" 334
"../../../Engine/Content/EngineDebugMaterials/ClothMaterial_WF.uasset" 335
"../../../Engine/Content/EngineDebugMaterials/ClothMaterial_WF.uexp" 336
"../../../Engine/Content/EngineDebugMaterials/PhysicalMaterialMaskMaterial.uasset" 337
"../../../Engine/Content/EngineDebugMaterials/PhysicalMaterialMaskMaterial.uexp" 338
"../../../Engine/Content/EngineDebugMaterials/M_SimpleUnlitTranslucent.uasset" 339
"../../../Engine/Content/EngineDebugMaterials/M_SimpleUnlitTranslucent.uexp" 340
"../../../Engine/Content/EngineDebugMaterials/VertexColorViewMode_GreenOnly.uasset" 341
"../../../Engine/Content/EngineDebugMaterials/VertexColorViewMode_GreenOnly.uexp" 342
"../../../Engine/Content/EngineMaterials/DefaultWhiteGrid.uasset" 343
"../../../Engine/Content/EngineMaterials/DefaultWhiteGrid.uexp" 344
"../../../Engine/Content/EngineMaterials/DefaultWhiteGrid.ubulk" 345
"../../../Engine/Content/EngineDebugMaterials/MAT_LevelColorationLitLightmapUV.uasset" 346
"../../../Engine/Content/EngineDebugMaterials/MAT_LevelColorationLitLightmapUV.uexp" 347
"../../../Engine/Content/EngineDebugMaterials/DebugMeshMaterial.uasset" 348
"../../../Engine/Content/EngineDebugMaterials/DebugMeshMaterial.uexp" 349
"../../../Engine/Content/EngineDebugMaterials/VertexColorViewMode_ColorOnly.uasset" 350
"../../../Engine/Content/EngineDebugMaterials/VertexColorViewMode_ColorOnly.uexp" 351
"../../../Engine/Content/EngineDebugMaterials/LevelColorationUnlitMaterial.uasset" 352
"../../../Engine/Content/EngineDebugMaterials/LevelColorationUnlitMaterial.uexp" 353
"../../../Engine/Content/EngineDebugMaterials/ShadedLevelColorationLitMaterial.uasset" 354
"../../../Engine/Content/EngineDebugMaterials/ShadedLevelColorationLitMaterial.uexp" 355
"../../../Engine/Content/EditorResources/S_Emitter.uasset" 356
"../../../Engine/Content/EditorResources/S_Emitter.uexp" 357
"../../../Engine/Content/EditorResources/S_Emitter.ubulk" 358
"../../../Engine/Content/EditorResources/S_LevelSequence.uasset" 359
"../../../Engine/Content/EditorResources/S_LevelSequence.uexp" 360
"../../../Engine/Content/EditorResources/S_LevelSequence.ubulk" 361
"../../../Engine/Content/EditorResources/S_Thruster.uasset" 362
"../../../Engine/Content/EditorResources/S_Thruster.uexp" 363
"../../../Engine/Content/EditorResources/S_Thruster.ubulk" 364
"../../../Engine/Content/EditorResources/S_WindDirectional.uasset" 365
"../../../Engine/Content/EditorResources/S_WindDirectional.uexp" 366
"../../../Engine/Content/EditorResources/S_WindDirectional.ubulk" 367
"../../../Engine/Content/EditorResources/S_KBSJoint.uasset" 368
"../../../Engine/Content/EditorResources/S_KBSJoint.uexp" 369
"../../../Engine/Content/EditorResources/S_KBSJoint.ubulk" 370
"../../../Engine/Content/EditorResources/S_ReflActorIcon.uasset" 371
"../../../Engine/Content/EditorResources/S_ReflActorIcon.uexp" 372
"../../../Engine/Content/EditorResources/S_ReflActorIcon.ubulk" 373
"../../../Engine/Content/EditorResources/Bad.uasset" 374
"../../../Engine/Content/EditorResources/Bad.uexp" 375
"../../../Engine/Content/EditorResources/Bad.ubulk" 376
"../../../Engine/Content/EditorResources/S_SkyAtmosphere.uasset" 377
"../../../Engine/Content/EditorResources/S_SkyAtmosphere.uexp" 378
"../../../Engine/Content/EditorResources/S_SkyAtmosphere.ubulk" 379
"../../../Engine/Content/EditorResources/S_DecalActorIcon.uasset" 380
"../../../Engine/Content/EditorResources/S_DecalActorIcon.uexp" 381
"../../../Engine/Content/EditorResources/S_DecalActorIcon.ubulk" 382
"../../../Engine/Content/EditorResources/SmallFont.uasset" 383
"../../../Engine/Content/EditorResources/SmallFont.uexp" 384
"../../../Engine/Content/EditorResources/S_Player.uasset" 385
"../../../Engine/Content/EditorResources/S_Player.uexp" 386
"../../../Engine/Content/EditorResources/S_Player.ubulk" 387
"../../../Engine/Content/EditorResources/S_KPrismatic.uasset" 388
"../../../Engine/Content/EditorResources/S_KPrismatic.uexp" 389
"../../../Engine/Content/EditorResources/S_KPrismatic.ubulk" 390
"../../../Engine/Content/EditorResources/S_Note.uasset" 391
"../../../Engine/Content/EditorResources/S_Note.uexp" 392
"../../../Engine/Content/EditorResources/S_Note.ubulk" 393
"../../../Engine/Content/EditorResources/S_VectorFieldVol.uasset" 394
"../../../Engine/Content/EditorResources/S_VectorFieldVol.uexp" 395
"../../../Engine/Content/EditorResources/S_VectorFieldVol.ubulk" 396
"../../../Engine/Content/EditorResources/S_CameraShakeSource.uasset" 397
"../../../Engine/Content/EditorResources/S_CameraShakeSource.uexp" 398
"../../../Engine/Content/EditorResources/S_Solver.uasset" 399
"../../../Engine/Content/EditorResources/S_Solver.uexp" 400
"../../../Engine/Content/EditorResources/S_Solver.ubulk" 401
"../../../Engine/Content/EditorResources/S_NavP.uasset" 402
"../../../Engine/Content/EditorResources/S_NavP.uexp" 403
"../../../Engine/Content/EditorResources/S_NavP.ubulk" 404
"../../../Engine/Content/EditorResources/S_KHinge.uasset" 405
"../../../Engine/Content/EditorResources/S_KHinge.uexp" 406
"../../../Engine/Content/EditorResources/S_KHinge.ubulk" 407
"../../../Engine/Content/EditorResources/S_ExpoHeightFog.uasset" 408
"../../../Engine/Content/EditorResources/S_ExpoHeightFog.uexp" 409
"../../../Engine/Content/EditorResources/S_ExpoHeightFog.ubulk" 410
"../../../Engine/Content/EditorResources/S_FTest.uasset" 411
"../../../Engine/Content/EditorResources/S_FTest.uexp" 412
"../../../Engine/Content/EditorResources/S_PortalActorIcon2.uasset" 413
"../../../Engine/Content/EditorResources/S_PortalActorIcon2.uexp" 414
"../../../Engine/Content/EditorResources/S_PortalActorIcon2.ubulk" 415
"../../../Engine/Content/EditorResources/SceneManager.uasset" 416
"../../../Engine/Content/EditorResources/SceneManager.uexp" 417
"../../../Engine/Content/EditorResources/SceneManager.ubulk" 418
"../../../Engine/Content/EditorResources/S_TextRenderActorIcon.uasset" 419
"../../../Engine/Content/EditorResources/S_TextRenderActorIcon.uexp" 420
"../../../Engine/Content/EditorResources/S_TextRenderActorIcon.ubulk" 421
"../../../Engine/Content/EditorResources/S_RadForce.uasset" 422
"../../../Engine/Content/EditorResources/S_RadForce.uexp" 423
"../../../Engine/Content/EditorResources/S_RadForce.ubulk" 424
"../../../Engine/Content/EditorResources/S_Terrain.uasset" 425
"../../../Engine/Content/EditorResources/S_Terrain.uexp" 426
"../../../Engine/Content/EditorResources/S_Terrain.ubulk" 427
"../../../Engine/Content/EditorResources/S_Trigger.uasset" 428
"../../../Engine/Content/EditorResources/S_Trigger.uexp" 429
"../../../Engine/Content/EditorResources/S_Trigger.ubulk" 430
"../../../Engine/Content/EditorResources/S_VolumetricCloud.uasset" 431
"../../../Engine/Content/EditorResources/S_VolumetricCloud.uexp" 432
"../../../Engine/Content/EditorResources/S_VolumetricCloud.ubulk" 433
"../../../Engine/Content/EditorResources/S_Actor.uasset" 434
"../../../Engine/Content/EditorResources/S_Actor.uexp" 435
"../../../Engine/Content/EditorResources/S_Actor.ubulk" 436
"../../../Engine/Content/EditorResources/EmptyActor.uasset" 437
"../../../Engine/Content/EditorResources/EmptyActor.uexp" 438
"../../../Engine/Content/EditorResources/BSPVertex.uasset" 439
"../../../Engine/Content/EditorResources/BSPVertex.uexp" 440
"../../../Engine/Content/EditorResources/MatInstActSprite.uasset" 441
"../../../Engine/Content/EditorResources/MatInstActSprite.uexp" 442
"../../../Engine/Content/EditorResources/MatInstActSprite.ubulk" 443
"../../../Engine/Content/EditorResources/SequenceRecorder/Countdown.uasset" 444
"../../../Engine/Content/EditorResources/SequenceRecorder/Countdown.uexp" 445
"../../../Engine/Content/EditorResources/SequenceRecorder/RecordingIndicator.uasset" 446
"../../../Engine/Content/EditorResources/SequenceRecorder/RecordingIndicator.uexp" 447
"../../../Engine/Content/EditorResources/AI/S_NavLink.uasset" 448
"../../../Engine/Content/EditorResources/AI/S_NavLink.uexp" 449
"../../../Engine/Content/EditorResources/Spline/T_Loft_Spline.uasset" 450
"../../../Engine/Content/EditorResources/Spline/T_Loft_Spline.uexp" 451
"../../../Engine/Content/EditorResources/LightIcons/S_LightError.uasset" 452
"../../../Engine/Content/EditorResources/LightIcons/S_LightError.uexp" 453
"../../../Engine/Content/EditorResources/LightIcons/S_LightSpot.uasset" 454
"../../../Engine/Content/EditorResources/LightIcons/S_LightSpot.uexp" 455
"../../../Engine/Content/EditorResources/LightIcons/S_LightSpotMove.uasset" 456
"../../../Engine/Content/EditorResources/LightIcons/S_LightSpotMove.uexp" 457
"../../../Engine/Content/EditorResources/LightIcons/SkyLight.uasset" 458
"../../../Engine/Content/EditorResources/LightIcons/SkyLight.uexp" 459
"../../../Engine/Content/EditorResources/LightIcons/S_LightPoint.uasset" 460
"../../../Engine/Content/EditorResources/LightIcons/S_LightPoint.uexp" 461
"../../../Engine/Content/EditorResources/LightIcons/S_LightPointMove.uasset" 462
"../../../Engine/Content/EditorResources/LightIcons/S_LightPointMove.uexp" 463
"../../../Engine/Content/EditorResources/LightIcons/S_LightDirectional.uasset" 464
"../../../Engine/Content/EditorResources/LightIcons/S_LightDirectional.uexp" 465
"../../../Engine/Content/EditorResources/LightIcons/S_LightDirectionalMove.uasset" 466
"../../../Engine/Content/EditorResources/LightIcons/S_LightDirectionalMove.uexp" 467
"../../../Engine/Content/EngineMaterials/DefaultMaterial.uasset" 468
"../../../Engine/Content/EngineMaterials/DefaultMaterial.uexp" 469
"../../../Engine/Content/BasicShapes/Cone.uasset" 470
"../../../Engine/Content/BasicShapes/Cone.uexp" 471
"../../../Engine/Content/BasicShapes/Cube.uasset" 472
"../../../Engine/Content/BasicShapes/Cube.uexp" 473
"../../../Engine/Content/BasicShapes/Plane.uasset" 474
"../../../Engine/Content/BasicShapes/Plane.uexp" 475
"../../../Engine/Content/BasicShapes/Sphere.uasset" 476
"../../../Engine/Content/BasicShapes/Sphere.uexp" 477
"../../../Engine/Content/Functions/Engine_MaterialFunctions02/Utility/MakeFloat2.uasset" 478
"../../../Engine/Content/Functions/Engine_MaterialFunctions02/Utility/MakeFloat2.uexp" 479
"../../../Engine/Content/Functions/Engine_MaterialFunctions02/ScreenResolution.uasset" 480
"../../../Engine/Content/Functions/Engine_MaterialFunctions02/ScreenResolution.uexp" 481
"../../../Engine/Content/Functions/Engine_MaterialFunctions01/Texturing/ScaleUVsByCenter.uasset" 482
"../../../Engine/Content/Functions/Engine_MaterialFunctions01/Texturing/ScaleUVsByCenter.uexp" 483
"../../../Engine/Content/Functions/Engine_MaterialFunctions02/Texturing/ScreenAlignedUVs.uasset" 484
"../../../Engine/Content/Functions/Engine_MaterialFunctions02/Texturing/ScreenAlignedUVs.uexp" 485
"../../../Engine/Content/EngineMaterials/MiniFont.uasset" 486
"../../../Engine/Content/EngineMaterials/MiniFont.uexp" 487
"../../../Engine/Content/BufferVisualization/CustomStencil.uasset" 488
"../../../Engine/Content/BufferVisualization/CustomStencil.uexp" 489
"../../../Engine/Content/BufferVisualization/LightingModel.uasset" 490
"../../../Engine/Content/BufferVisualization/LightingModel.uexp" 491
"../../../Engine/Content/BufferVisualization/SubsurfaceColor.uasset" 492
"../../../Engine/Content/BufferVisualization/SubsurfaceColor.uexp" 493
"../../../Engine/Content/BufferVisualization/WorldNormal.uasset" 494
"../../../Engine/Content/BufferVisualization/WorldNormal.uexp" 495
"../../../Engine/Content/Functions/Engine_MaterialFunctions02/Utility/VectorLength.uasset" 496
"../../../Engine/Content/Functions/Engine_MaterialFunctions02/Utility/VectorLength.uexp" 497
"../../../Engine/Content/BufferVisualization/SceneDepthWorldUnits.uasset" 498
"../../../Engine/Content/BufferVisualization/SceneDepthWorldUnits.uexp" 499
"../../../Engine/Content/BufferVisualization/Opacity.uasset" 500
"../../../Engine/Content/BufferVisualization/Opacity.uexp" 501
"../../../Engine/Content/BufferVisualization/SeparateTranslucencyRGB.uasset" 502
"../../../Engine/Content/BufferVisualization/SeparateTranslucencyRGB.uexp" 503
"../../../Engine/Content/BufferVisualization/BaseColor.uasset" 504
"../../../Engine/Content/BufferVisualization/BaseColor.uexp" 505
"../../../Engine/Content/BufferVisualization/Metallic.uasset" 506
"../../../Engine/Content/BufferVisualization/Metallic.uexp" 507
"../../../Engine/Content/BufferVisualization/Velocity.uasset" 508
"../../../Engine/Content/BufferVisualization/Velocity.uexp" 509
"../../../Engine/Content/BufferVisualization/MaterialAO.uasset" 510
"../../../Engine/Content/BufferVisualization/MaterialAO.uexp" 511
"../../../Engine/Content/BufferVisualization/SeparateTranslucencyA.uasset" 512
"../../../Engine/Content/BufferVisualization/SeparateTranslucencyA.uexp" 513
"../../../Engine/Content/BufferVisualization/SceneDepth.uasset" 514
"../../../Engine/Content/BufferVisualization/SceneDepth.uexp" 515
"../../../Engine/Content/BufferVisualization/WorldTangent.uasset" 516
"../../../Engine/Content/BufferVisualization/WorldTangent.uexp" 517
"../../../Engine/Content/BufferVisualization/Specular.uasset" 518
"../../../Engine/Content/BufferVisualization/Specular.uexp" 519
"../../../Engine/Content/Functions/Engine_MaterialFunctions02/Utility/AppendMany.uasset" 520
"../../../Engine/Content/Functions/Engine_MaterialFunctions02/Utility/AppendMany.uexp" 521
"../../../Engine/Content/BufferVisualization/Anisotropy.uasset" 522
"../../../Engine/Content/BufferVisualization/Anisotropy.uexp" 523
"../../../Engine/Content/BufferVisualization/PostTonemapHDRColor.uasset" 524
"../../../Engine/Content/BufferVisualization/PostTonemapHDRColor.uexp" 525
"../../../Engine/Content/BufferVisualization/SceneColor.uasset" 526
"../../../Engine/Content/BufferVisualization/SceneColor.uexp" 527
"../../../Engine/Content/BufferVisualization/PreTonemapHDRColor.uasset" 528
"../../../Engine/Content/BufferVisualization/PreTonemapHDRColor.uexp" 529
"../../../Engine/Content/BufferVisualization/FinalImage.uasset" 530
"../../../Engine/Content/BufferVisualization/FinalImage.uexp" 531
"../../../Engine/Content/EngineMaterials/DefaultPhysicalMaterial.uasset" 532
"../../../Engine/Content/EngineMaterials/DefaultPhysicalMaterial.uexp" 533
"../../../Engine/Content/BufferVisualization/AmbientOcclusion.uasset" 534
"../../../Engine/Content/BufferVisualization/AmbientOcclusion.uexp" 535
"../../../Engine/Content/BufferVisualization/CustomDepth.uasset" 536
"../../../Engine/Content/BufferVisualization/CustomDepth.uexp" 537
"../../../Engine/Content/BufferVisualization/Roughness.uasset" 538
"../../../Engine/Content/BufferVisualization/Roughness.uexp" 539
"../../../Engine/Content/BufferVisualization/CustomDepthWorldUnits.uasset" 540
"../../../Engine/Content/BufferVisualization/CustomDepthWorldUnits.uexp" 541
"../../../Engine/Content/Functions/Engine_MaterialFunctions01/Shading/PowerToRoughness.uasset" 542
"../../../Engine/Content/Functions/Engine_MaterialFunctions01/Shading/PowerToRoughness.uexp" 543
"../../../Engine/Content/EditorMaterials/Tick.uasset" 544
"../../../Engine/Content/EditorMaterials/Tick.uexp" 545
"../../../Engine/Content/EditorMaterials/Tick_Mat.uasset" 546
"../../../Engine/Content/EditorMaterials/Tick_Mat.uexp" 547
"../../../Engine/Content/EditorMaterials/WidgetMaterial_X.uasset" 548
"../../../Engine/Content/EditorMaterials/WidgetMaterial_X.uexp" 549
"../../../Engine/Content/EditorMaterials/WidgetMaterial_Z.uasset" 550
"../../../Engine/Content/EditorMaterials/WidgetMaterial_Z.uexp" 551
"../../../Engine/Content/EditorMaterials/PreviewShadowIndicator.uasset" 552
"../../../Engine/Content/EditorMaterials/PreviewShadowIndicator.uexp" 553
"../../../Engine/Content/EditorMaterials/PreviewShadowIndicator.ubulk" 554
"../../../Engine/Content/EditorMaterials/PreviewShadowIndicatorMaterial.uasset" 555
"../../../Engine/Content/EditorMaterials/PreviewShadowIndicatorMaterial.uexp" 556
"../../../Engine/Content/EditorMaterials/WidgetMaterial.uasset" 557
"../../../Engine/Content/EditorMaterials/WidgetMaterial.uexp" 558
"../../../Engine/Content/EditorMaterials/PhAT_NoCollisionMaterial.uasset" 559
"../../../Engine/Content/EditorMaterials/PhAT_NoCollisionMaterial.uexp" 560
"../../../Engine/Content/EditorMaterials/PhAT_BoneSelectedMaterial.uasset" 561
"../../../Engine/Content/EditorMaterials/PhAT_BoneSelectedMaterial.uexp" 562
"../../../Engine/Content/EditorMaterials/Cross.uasset" 563
"../../../Engine/Content/EditorMaterials/Cross.uexp" 564
"../../../Engine/Content/EditorMaterials/Cross_Mat.uasset" 565
"../../../Engine/Content/EditorMaterials/Cross_Mat.uexp" 566
"../../../Engine/Content/EditorResources/T_EditorHelp.uasset" 567
"../../../Engine/Content/EditorResources/T_EditorHelp.uexp" 568
"../../../Engine/Content/EditorResources/T_EditorHelp.ubulk" 569
"../../../Engine/Content/Functions/Engine_MaterialFunctions02/ExampleContent/Textures/DebugNumberPeriod.uasset" 570
"../../../Engine/Content/Functions/Engine_MaterialFunctions02/ExampleContent/Textures/DebugNumberPeriod.uexp" 571
"../../../Engine/Content/Functions/Engine_MaterialFunctions02/ExampleContent/DebugNumberStrip.uasset" 572
"../../../Engine/Content/Functions/Engine_MaterialFunctions02/ExampleContent/DebugNumberStrip.uexp" 573
"../../../Engine/Content/Functions/Engine_MaterialFunctions01/Texturing/ComputeMipLevel.uasset" 574
"../../../Engine/Content/Functions/Engine_MaterialFunctions01/Texturing/ComputeMipLevel.uexp" 575
"../../../Engine/Content/Functions/Engine_MaterialFunctions01/Texturing/TextureCropping.uasset" 576
"../../../Engine/Content/Functions/Engine_MaterialFunctions01/Texturing/TextureCropping.uexp" 577
"../../../Engine/Content/Functions/Engine_MaterialFunctions02/Utility/DebugScalarValues.uasset" 578
"../../../Engine/Content/Functions/Engine_MaterialFunctions02/Utility/DebugScalarValues.uexp" 579
"../../../Engine/Content/Functions/Engine_MaterialFunctions02/Utility/DebugFloat2Values.uasset" 580
"../../../Engine/Content/Functions/Engine_MaterialFunctions02/Utility/DebugFloat2Values.uexp" 581
"../../../Engine/Content/Functions/Engine_MaterialFunctions02/ExampleContent/Textures/flipbook.uasset" 582
"../../../Engine/Content/Functions/Engine_MaterialFunctions02/ExampleContent/Textures/flipbook.uexp" 583
"../../../Engine/Content/Functions/Engine_MaterialFunctions02/ExampleContent/Textures/flipbook.ubulk" 584
"../../../Engine/Content/Functions/Engine_MaterialFunctions02/Texturing/FlipBook.uasset" 585
"../../../Engine/Content/Functions/Engine_MaterialFunctions02/Texturing/FlipBook.uexp" 586
"../../../Engine/Content/Functions/Engine_MaterialFunctions02/Utility/Sign.uasset" 587
"../../../Engine/Content/Functions/Engine_MaterialFunctions02/Utility/Sign.uexp" 588
"../../../Engine/Content/Functions/Engine_MaterialFunctions02/Utility/Round.uasset" 589
"../../../Engine/Content/Functions/Engine_MaterialFunctions02/Utility/Round.uexp" 590
"../../../Engine/Content/EditorMaterials/HelpActorMaterial.uasset" 591
"../../../Engine/Content/EditorMaterials/HelpActorMaterial.uexp" 592
"../../../Engine/Content/EditorMaterials/WidgetMaterial_Y.uasset" 593
"../../../Engine/Content/EditorMaterials/WidgetMaterial_Y.uexp" 594
"../../../Engine/Content/EditorMaterials/TargetIcon.uasset" 595
"../../../Engine/Content/EditorMaterials/TargetIcon.uexp" 596
"../../../Engine/Content/EditorMaterials/TargetIcon.ubulk" 597
"../../../Engine/Content/EditorMaterials/WidgetVertexColorMaterial.uasset" 598
"../../../Engine/Content/EditorMaterials/WidgetVertexColorMaterial.uexp" 599
"../../../Engine/Content/EditorMaterials/WidgetMaterial_Current.uasset" 600
"../../../Engine/Content/EditorMaterials/WidgetMaterial_Current.uexp" 601
"../../../Engine/Content/EditorMaterials/TilingAALineIntegral.uasset" 602
"../../../Engine/Content/EditorMaterials/TilingAALineIntegral.uexp" 603
"../../../Engine/Content/EditorMaterials/TilingAALineBoxFiltered.uasset" 604
"../../../Engine/Content/EditorMaterials/TilingAALineBoxFiltered.uexp" 605
"../../../Engine/Content/EngineMaterials/BlendFunc_DefBase.uasset" 606
"../../../Engine/Content/EngineMaterials/BlendFunc_DefBase.uexp" 607
"../../../Engine/Content/EngineMaterials/BlendFunc_DefBlend.uasset" 608
"../../../Engine/Content/EngineMaterials/BlendFunc_DefBlend.uexp" 609
"../../../Engine/Content/Functions/Engine_MaterialFunctions03/Blends/Blend_Screen.uasset" 610
"../../../Engine/Content/Functions/Engine_MaterialFunctions03/Blends/Blend_Screen.uexp" 611
"../../../Engine/Content/Functions/Engine_MaterialFunctions03/Procedurals/ComputeFilterWidth.uasset" 612
"../../../Engine/Content/Functions/Engine_MaterialFunctions03/Procedurals/ComputeFilterWidth.uexp" 613
"../../../Engine/Content/EditorMaterials/TilingAAGrid.uasset" 614
"../../../Engine/Content/EditorMaterials/TilingAAGrid.uexp" 615
"../../../Engine/Content/EditorMaterials/CompositeARGBLayer.uasset" 616
"../../../Engine/Content/EditorMaterials/CompositeARGBLayer.uexp" 617
"../../../Engine/Content/EditorMaterials/TilingAADots.uasset" 618
"../../../Engine/Content/EditorMaterials/TilingAADots.uexp" 619
"../../../Engine/Content/EditorMaterials/LevelGridMaterial.uasset" 620
"../../../Engine/Content/EditorMaterials/LevelGridMaterial.uexp" 621
"../../../Engine/Content/EditorMaterials/MAT_Groups_Toggle.uasset" 622
"../../../Engine/Content/EditorMaterials/MAT_Groups_Toggle.uexp" 623
"../../../Engine/Content/EditorMaterials/PhAT_ElemSelectedMaterial.uasset" 624
"../../../Engine/Content/EditorMaterials/PhAT_ElemSelectedMaterial.uexp" 625
"../../../Engine/Content/EditorMaterials/WidgetGridVertexColorMaterial.uasset" 626
"../../../Engine/Content/EditorMaterials/WidgetGridVertexColorMaterial.uexp" 627
"../../../Engine/Content/EditorMaterials/WidgetGridVertexColorMaterial.ubulk" 628
"../../../Engine/Content/EditorMaterials/WidgetGridVertexColorMaterial_Ma.uasset" 629
"../../../Engine/Content/EditorMaterials/WidgetGridVertexColorMaterial_Ma.uexp" 630
"../../../Engine/Content/EditorMaterials/PhAT_UnselectedMaterial.uasset" 631
"../../../Engine/Content/EditorMaterials/PhAT_UnselectedMaterial.uexp" 632
"../../../Engine/Content/EditorMaterials/MAT_Groups_Visibility.uasset" 633
"../../../Engine/Content/EditorMaterials/MAT_Groups_Visibility.uexp" 634
"../../../Engine/Content/EditorResources/LevelGrid1DStripes.uasset" 635
"../../../Engine/Content/EditorResources/LevelGrid1DStripes.uexp" 636
"../../../Engine/Content/EditorMaterials/TextureGridCascaded1D.uasset" 637
"../../../Engine/Content/EditorMaterials/TextureGridCascaded1D.uexp" 638
"../../../Engine/Content/EditorMaterials/TextureGridCascaded2D.uasset" 639
"../../../Engine/Content/EditorMaterials/TextureGridCascaded2D.uexp" 640
"../../../Engine/Content/EditorMaterials/MakeCompositeARGBLayer.uasset" 641
"../../../Engine/Content/EditorMaterials/MakeCompositeARGBLayer.uexp" 642
"../../../Engine/Content/EditorMaterials/LevelGridMaterial2.uasset" 643
"../../../Engine/Content/EditorMaterials/LevelGridMaterial2.uexp" 644
"../../../Engine/Content/EditorMaterials/ParticleSystems/PSysThumbnail_NoImage.uasset" 645
"../../../Engine/Content/EditorMaterials/ParticleSystems/PSysThumbnail_NoImage.uexp" 646
"../../../Engine/Content/EditorMaterials/ParticleSystems/PSysThumbnail_NoImage.ubulk" 647
"../../../Engine/Content/EditorMaterials/ParticleSystems/PSysThumbnail_OOD.uasset" 648
"../../../Engine/Content/EditorMaterials/ParticleSystems/PSysThumbnail_OOD.uexp" 649
"../../../Engine/Content/EditorMaterials/ParticleSystems/PSysThumbnail_OOD.ubulk" 650
"../../../Engine/Content/EditorMaterials/MatineeGroups/MAT_Groups_Vector.uasset" 651
"../../../Engine/Content/EditorMaterials/MatineeGroups/MAT_Groups_Vector.uexp" 652
"../../../Engine/Content/EditorMaterials/MatineeGroups/MAT_ColorTrack.uasset" 653
"../../../Engine/Content/EditorMaterials/MatineeGroups/MAT_ColorTrack.uexp" 654
"../../../Engine/Content/EditorMaterials/MatineeGroups/MAT_Groups_AudioMaster.uasset" 655
"../../../Engine/Content/EditorMaterials/MatineeGroups/MAT_Groups_AudioMaster.uexp" 656
"../../../Engine/Content/EditorMaterials/MatineeGroups/MAT_Groups_Sound.uasset" 657
"../../../Engine/Content/EditorMaterials/MatineeGroups/MAT_Groups_Sound.uexp" 658
"../../../Engine/Content/EditorMaterials/MatineeGroups/MAT_Groups_Float.uasset" 659
"../../../Engine/Content/EditorMaterials/MatineeGroups/MAT_Groups_Float.uexp" 660
"../../../Engine/Content/EditorMaterials/MatineeGroups/MAT_Groups_Director.uasset" 661
"../../../Engine/Content/EditorMaterials/MatineeGroups/MAT_Groups_Director.uexp" 662
"../../../Engine/Content/EditorMaterials/MatineeGroups/MAT_Groups_Move.uasset" 663
"../../../Engine/Content/EditorMaterials/MatineeGroups/MAT_Groups_Move.uexp" 664
"../../../Engine/Content/EditorMaterials/MatineeGroups/MAT_Groups_Event.uasset" 665
"../../../Engine/Content/EditorMaterials/MatineeGroups/MAT_Groups_Event.uexp" 666
"../../../Engine/Content/EditorMaterials/MatineeGroups/MAT_Groups_Fade.uasset" 667
"../../../Engine/Content/EditorMaterials/MatineeGroups/MAT_Groups_Fade.uexp" 668
"../../../Engine/Content/EditorMaterials/MatineeGroups/MAT_Groups_Anim.uasset" 669
"../../../Engine/Content/EditorMaterials/MatineeGroups/MAT_Groups_Anim.uexp" 670
"../../../Engine/Content/EditorMaterials/MatineeGroups/MAT_Groups_Slomo.uasset" 671
"../../../Engine/Content/EditorMaterials/MatineeGroups/MAT_Groups_Slomo.uexp" 672
"../../../Engine/Content/EngineMaterials/Grid.uasset" 673
"../../../Engine/Content/EngineMaterials/Grid.uexp" 674
"../../../Engine/Content/EngineMaterials/Grid.ubulk" 675
"../../../Engine/Content/EditorMaterials/Thumbnails/FloorPlaneMaterial.uasset" 676
"../../../Engine/Content/EditorMaterials/Thumbnails/FloorPlaneMaterial.uexp" 677
"../../../Engine/Content/EngineSounds/Master.uasset" 678
"../../../Engine/Content/EngineSounds/Master.uexp" 679
"../../../Engine/Content/EngineMeshes/Cylinder.uasset" 680
"../../../Engine/Content/EngineMeshes/Cylinder.uexp" 681
"../../../Engine/Content/EngineMeshes/Sphere.uasset" 682
"../../../Engine/Content/EngineMeshes/Sphere.uexp" 683
"../../../Engine/Content/EngineSky/VolumetricClouds/CloudWeatherTexture.uasset" 684
"../../../Engine/Content/EngineSky/VolumetricClouds/CloudWeatherTexture.uexp" 685
"../../../Engine/Content/EngineSky/VolumetricClouds/T_NoiseShape64.uasset" 686
"../../../Engine/Content/EngineSky/VolumetricClouds/T_NoiseShape64.uexp" 687
"../../../Engine/Content/EngineSky/VolumetricClouds/T_NoiseShape64.ubulk" 688
"../../../Engine/Content/EngineSky/VolumetricClouds/T_VolumeNoiseShape64.uasset" 689
"../../../Engine/Content/EngineSky/VolumetricClouds/T_VolumeNoiseShape64.uexp" 690
"../../../Engine/Content/EngineSky/VolumetricClouds/T_NoiseErosion.uasset" 691
"../../../Engine/Content/EngineSky/VolumetricClouds/T_NoiseErosion.uexp" 692
"../../../Engine/Content/EngineSky/VolumetricClouds/T_NoiseErosion.ubulk" 693
"../../../Engine/Content/EngineSky/VolumetricClouds/T_VolumeNoiseErosion32.uasset" 694
"../../../Engine/Content/EngineSky/VolumetricClouds/T_VolumeNoiseErosion32.uexp" 695
"../../../Engine/Content/EngineSky/VolumetricClouds/CloudGradientTexture.uasset" 696
"../../../Engine/Content/EngineSky/VolumetricClouds/CloudGradientTexture.uexp" 697
"../../../Engine/Content/EngineSky/VolumetricClouds/m_SimpleVolumetricCloud.uasset" 698
"../../../Engine/Content/EngineSky/VolumetricClouds/m_SimpleVolumetricCloud.uexp" 699
"../../../Engine/Content/EngineSky/VolumetricClouds/m_SimpleVolumetricCloud_Inst.uasset" 700
"../../../Engine/Content/EngineSky/VolumetricClouds/m_SimpleVolumetricCloud_Inst.uexp" 701
"../../../Engine/Content/VREditor/TransformGizmo/TranslucentTransformGizmoMaterial.uasset" 702
"../../../Engine/Content/VREditor/TransformGizmo/TranslucentTransformGizmoMaterial.uexp" 703
"../../../Engine/Content/VREditor/LaserPointer/VR_LaserPower_01.uasset" 704
"../../../Engine/Content/VREditor/LaserPointer/VR_LaserPower_01.uexp" 705
"../../../Engine/Content/VREditor/LaserPointer/VR_LaserPower_01.ubulk" 706
"../../../Engine/Content/VREditor/TransformGizmo/TransformGizmoMaterial.uasset" 707
"../../../Engine/Content/VREditor/TransformGizmo/TransformGizmoMaterial.uexp" 708
"../../../Engine/Content/VREditor/TransformGizmo/PlaneTranslationHandle.uasset" 709
"../../../Engine/Content/VREditor/TransformGizmo/PlaneTranslationHandle.uexp" 710
"../../../Engine/Content/VREditor/TransformGizmo/Xray.uasset" 711
"../../../Engine/Content/VREditor/TransformGizmo/Xray.uexp" 712
"../../../Engine/Content/VREditor/TransformGizmo/Main.uasset" 713
"../../../Engine/Content/VREditor/TransformGizmo/Main.uexp" 714
"../../../Engine/Content/VREditor/TransformGizmo/SM_Sequencer_Key.uasset" 715
"../../../Engine/Content/VREditor/TransformGizmo/SM_Sequencer_Key.uexp" 716
"../../../Engine/Content/VREditor/TransformGizmo/BoundingBoxCorner.uasset" 717
"../../../Engine/Content/VREditor/TransformGizmo/BoundingBoxCorner.uexp" 718
"../../../Engine/Content/VREditor/TransformGizmo/SM_Sequencer_Node.uasset" 719
"../../../Engine/Content/VREditor/TransformGizmo/SM_Sequencer_Node.uexp" 720
"../../../Engine/Content/VREditor/TransformGizmo/BoundingBoxEdge.uasset" 721
"../../../Engine/Content/VREditor/TransformGizmo/BoundingBoxEdge.uexp" 722
"../../../Engine/Content/MapTemplates/Sky/DaylightAmbientCubemap.uasset" 723
"../../../Engine/Content/MapTemplates/Sky/DaylightAmbientCubemap.uexp" 724
"/Users/pedro/Documents/GitHub/TacticalBeenShoter/Content/_Main/Characters/shotgun_Cylinder_Skeleton.uasset" 725
"/Users/pedro/Documents/GitHub/TacticalBeenShoter/Content/_Main/Characters/shotgun_Cylinder_Skeleton.uexp" 726
"/Users/pedro/Documents/GitHub/TacticalBeenShoter/Content/_Main/Characters/shotgun_Cylinder_PhysicsAsset.uasset" 727
"/Users/pedro/Documents/GitHub/TacticalBeenShoter/Content/_Main/Characters/shotgun_Cylinder_PhysicsAsset.uexp" 728
"/Users/pedro/Documents/GitHub/TacticalBeenShoter/Content/_Main/Characters/shotgun_Cylinder_003_Skeleton.uasset" 729
"/Users/pedro/Documents/GitHub/TacticalBeenShoter/Content/_Main/Characters/shotgun_Cylinder_003_Skeleton.uexp" 730
"/Users/pedro/Documents/GitHub/TacticalBeenShoter/Content/_Main/Characters/shotgun_Cylinder_003_PhysicsAsset.uasset" 731
"/Users/pedro/Documents/GitHub/TacticalBeenShoter/Content/_Main/Characters/shotgun_Cylinder_003_PhysicsAsset.uexp" 732
"/Users/pedro/Documents/GitHub/TacticalBeenShoter/Content/_Main/Characters/shotgun_Cylinder_002_Skeleton.uasset" 733
"/Users/pedro/Documents/GitHub/TacticalBeenShoter/Content/_Main/Characters/shotgun_Cylinder_002_Skeleton.uexp" 734
"/Users/pedro/Documents/GitHub/TacticalBeenShoter/Content/_Main/Characters/shotgun_Cylinder_002_PhysicsAsset.uasset" 735
"/Users/pedro/Documents/GitHub/TacticalBeenShoter/Content/_Main/Characters/shotgun_Cylinder_002_PhysicsAsset.uexp" 736
"/Users/pedro/Documents/GitHub/TacticalBeenShoter/Content/_Main/Characters/shotgun_Cylinder_001_Skeleton.uasset" 737
"/Users/pedro/Documents/GitHub/TacticalBeenShoter/Content/_Main/Characters/shotgun_Cylinder_001_Skeleton.uexp" 738
"/Users/pedro/Documents/GitHub/TacticalBeenShoter/Content/_Main/Characters/shotgun_Cylinder_001_PhysicsAsset.uasset" 739
"/Users/pedro/Documents/GitHub/TacticalBeenShoter/Content/_Main/Characters/shotgun_Cylinder_001_PhysicsAsset.uexp" 740
"/Users/pedro/Documents/GitHub/TacticalBeenShoter/Content/_Main/Characters/shotgun_Cube_Skeleton.uasset" 741
"/Users/pedro/Documents/GitHub/TacticalBeenShoter/Content/_Main/Characters/shotgun_Cube_Skeleton.uexp" 742
"/Users/pedro/Documents/GitHub/TacticalBeenShoter/Content/_Main/Characters/shotgun_Cube_PhysicsAsset.uasset" 743
"/Users/pedro/Documents/GitHub/TacticalBeenShoter/Content/_Main/Characters/shotgun_Cube_PhysicsAsset.uexp" 744
"/Users/pedro/Documents/GitHub/TacticalBeenShoter/Content/_Main/Characters/shotgun_Cube_004_Skeleton.uasset" 745
"/Users/pedro/Documents/GitHub/TacticalBeenShoter/Content/_Main/Characters/shotgun_Cube_004_Skeleton.uexp" 746
"/Users/pedro/Documents/GitHub/TacticalBeenShoter/Content/_Main/Characters/shotgun_Cube_003_Skeleton.uasset" 747
"/Users/pedro/Documents/GitHub/TacticalBeenShoter/Content/_Main/Characters/shotgun_Cube_003_Skeleton.uexp" 748
"/Users/pedro/Documents/GitHub/TacticalBeenShoter/Content/_Main/Characters/shotgun_Cube_002_Skeleton.uasset" 749
"/Users/pedro/Documents/GitHub/TacticalBeenShoter/Content/_Main/Characters/shotgun_Cube_002_Skeleton.uexp" 750
"/Users/pedro/Documents/GitHub/TacticalBeenShoter/Content/_Main/Characters/shotgun_Cube_001_Skeleton.uasset" 751
"/Users/pedro/Documents/GitHub/TacticalBeenShoter/Content/_Main/Characters/shotgun_Cube_001_Skeleton.uexp" 752
"/Users/pedro/Documents/GitHub/TacticalBeenShoter/Content/_Main/Characters/wood-post3.uasset" 753
"/Users/pedro/Documents/GitHub/TacticalBeenShoter/Content/_Main/Characters/wood-post3.uexp" 754
"/Users/pedro/Documents/GitHub/TacticalBeenShoter/Content/_Main/Characters/wood-post3.ubulk" 755
"/Users/pedro/Documents/GitHub/TacticalBeenShoter/Content/_Main/Characters/Material_002.uasset" 756
"/Users/pedro/Documents/GitHub/TacticalBeenShoter/Content/_Main/Characters/Material_002.uexp" 757
"/Users/pedro/Documents/GitHub/TacticalBeenShoter/Content/_Main/Characters/rock-post.uasset" 758
"/Users/pedro/Documents/GitHub/TacticalBeenShoter/Content/_Main/Characters/rock-post.uexp" 759
"/Users/pedro/Documents/GitHub/TacticalBeenShoter/Content/_Main/Characters/rock-post.ubulk" 760
"/Users/pedro/Documents/GitHub/TacticalBeenShoter/Content/_Main/Characters/Material_001.uasset" 761
"/Users/pedro/Documents/GitHub/TacticalBeenShoter/Content/_Main/Characters/Material_001.uexp" 762
"/Users/pedro/Documents/GitHub/TacticalBeenShoter/Content/_Main/Characters/fabric-grey.uasset" 763
"/Users/pedro/Documents/GitHub/TacticalBeenShoter/Content/_Main/Characters/fabric-grey.uexp" 764
"/Users/pedro/Documents/GitHub/TacticalBeenShoter/Content/_Main/Characters/fabric-grey.ubulk" 765
"/Users/pedro/Documents/GitHub/TacticalBeenShoter/Content/_Main/Characters/Material.uasset" 766
"/Users/pedro/Documents/GitHub/TacticalBeenShoter/Content/_Main/Characters/Material.uexp" 767
"/Users/pedro/Documents/GitHub/TacticalBeenShoter/Content/_Main/Characters/shotgun_Cube_004_PhysicsAsset.uasset" 768
"/Users/pedro/Documents/GitHub/TacticalBeenShoter/Content/_Main/Characters/shotgun_Cube_004_PhysicsAsset.uexp" 769
"/Users/pedro/Documents/GitHub/TacticalBeenShoter/Content/_Main/Characters/shotgun_Cube_003_PhysicsAsset.uasset" 770
"/Users/pedro/Documents/GitHub/TacticalBeenShoter/Content/_Main/Characters/shotgun_Cube_003_PhysicsAsset.uexp" 771
"/Users/pedro/Documents/GitHub/TacticalBeenShoter/Content/_Main/Characters/shotgun_Cube_002_PhysicsAsset.uasset" 772
"/Users/pedro/Documents/GitHub/TacticalBeenShoter/Content/_Main/Characters/shotgun_Cube_002_PhysicsAsset.uexp" 773
"/Users/pedro/Documents/GitHub/TacticalBeenShoter/Content/_Main/Characters/shotgun_Cube_001_PhysicsAsset.uasset" 774
"/Users/pedro/Documents/GitHub/TacticalBeenShoter/Content/_Main/Characters/shotgun_Cube_001_PhysicsAsset.uexp" 775
"/Users/pedro/Documents/GitHub/TacticalBeenShoter/Content/_Main/Characters/shotgun.uasset" 776
"/Users/pedro/Documents/GitHub/TacticalBeenShoter/Content/_Main/Characters/shotgun.uexp" 777
"/Users/pedro/Documents/GitHub/TacticalBeenShoter/Content/_Main/Characters/BeanCharacterBP.uasset" 778
"/Users/pedro/Documents/GitHub/TacticalBeenShoter/Content/_Main/Characters/BeanCharacterBP.uexp" 779
"/Users/pedro/Documents/GitHub/TacticalBeenShoter/Content/_Main/Gamemodes/TacticalBeenShoterGameModeBaseBP.uasset" 780
"/Users/pedro/Documents/GitHub/TacticalBeenShoter/Content/_Main/Gamemodes/TacticalBeenShoterGameModeBaseBP.uexp" 781
"../../../Engine/Plugins/FX/Niagara/Content/Enums/ENiagaraAnimTrailWidthMode.uasset" 782
"../../../Engine/Plugins/FX/Niagara/Content/Enums/ENiagaraAnimTrailWidthMode.uexp" 783
"../../../Engine/Plugins/FX/Niagara/Content/Enums/ENiagara_TransformBaseOptions.uasset" 784
"../../../Engine/Plugins/FX/Niagara/Content/Enums/ENiagara_TransformBaseOptions.uexp" 785
"../../../Engine/Plugins/FX/Niagara/Content/Enums/ENiagaraVector4_Channels.uasset" 786
"../../../Engine/Plugins/FX/Niagara/Content/Enums/ENiagaraVector4_Channels.uexp" 787
"../../../Engine/Plugins/FX/Niagara/Content/Enums/ENiagaraMeshTransforms.uasset" 788
"../../../Engine/Plugins/FX/Niagara/Content/Enums/ENiagaraMeshTransforms.uexp" 789
"../../../Engine/Plugins/FX/Niagara/Content/Enums/ENiagaraNumericVariableTypes.uasset" 790
"../../../Engine/Plugins/FX/Niagara/Content/Enums/ENiagaraNumericVariableTypes.uexp" 791
"../../../Engine/Plugins/FX/Niagara/Content/Enums/ENiagaraEmitterLifeCycleMode.uasset" 792
"../../../Engine/Plugins/FX/Niagara/Content/Enums/ENiagaraEmitterLifeCycleMode.uexp" 793
"../../../Engine/Plugins/FX/Niagara/Content/Enums/ENiagaraSocketSamplingMode.uasset" 794
"../../../Engine/Plugins/FX/Niagara/Content/Enums/ENiagaraSocketSamplingMode.uexp" 795
"../../../Engine/Plugins/FX/Niagara/Content/Enums/ENiagaraMinOrMax.uasset" 796
"../../../Engine/Plugins/FX/Niagara/Content/Enums/ENiagaraMinOrMax.uexp" 797
"../../../Engine/Plugins/FX/Niagara/Content/Enums/ENiagaraQuaternionDerivationTechnique.uasset" 798
"../../../Engine/Plugins/FX/Niagara/Content/Enums/ENiagaraQuaternionDerivationTechnique.uexp" 799
"../../../Engine/Plugins/FX/Niagara/Content/Enums/ENiagaraVertexSamplingMode.uasset" 800
"../../../Engine/Plugins/FX/Niagara/Content/Enums/ENiagaraVertexSamplingMode.uexp" 801
"../../../Engine/Plugins/FX/Niagara/Content/Enums/ENiagaraExpansionMode.uasset" 802
"../../../Engine/Plugins/FX/Niagara/Content/Enums/ENiagaraExpansionMode.uexp" 803
"../../../Engine/Plugins/FX/Niagara/Content/Enums/ENiagaraBoneSamplingMode.uasset" 804
"../../../Engine/Plugins/FX/Niagara/Content/Enums/ENiagaraBoneSamplingMode.uexp" 805
"../../../Engine/Plugins/FX/Niagara/Content/Enums/ENiagaraVertexFilteringMode.uasset" 806
"../../../Engine/Plugins/FX/Niagara/Content/Enums/ENiagaraVertexFilteringMode.uexp" 807
"../../../Engine/Plugins/FX/Niagara/Content/Enums/ENiagara_DirectReadSamplingMode.uasset" 808
"../../../Engine/Plugins/FX/Niagara/Content/Enums/ENiagara_DirectReadSamplingMode.uexp" 809
"../../../Engine/Plugins/FX/Niagara/Content/Enums/ENiagara_TransformMode.uasset" 810
"../../../Engine/Plugins/FX/Niagara/Content/Enums/ENiagara_TransformMode.uexp" 811
"../../../Engine/Plugins/FX/Niagara/Content/Enums/ENiagara_GPUCollisionType.uasset" 812
"../../../Engine/Plugins/FX/Niagara/Content/Enums/ENiagara_GPUCollisionType.uexp" 813
"../../../Engine/Plugins/FX/Niagara/Content/Enums/ENiagaraTriangleSamplingMode.uasset" 814
"../../../Engine/Plugins/FX/Niagara/Content/Enums/ENiagaraTriangleSamplingMode.uexp" 815
"../../../Engine/Plugins/FX/Niagara/Content/Enums/ENiagaraRegionTransformOrder.uasset" 816
"../../../Engine/Plugins/FX/Niagara/Content/Enums/ENiagaraRegionTransformOrder.uexp" 817
"../../../Engine/Plugins/FX/Niagara/Content/Enums/ENiagara_RotationDefinitionApproach.uasset" 818
"../../../Engine/Plugins/FX/Niagara/Content/Enums/ENiagara_RotationDefinitionApproach.uexp" 819
"../../../Engine/Plugins/FX/Niagara/Content/Enums/ENiagara_WaveformBlendMode.uasset" 820
"../../../Engine/Plugins/FX/Niagara/Content/Enums/ENiagara_WaveformBlendMode.uexp" 821
"../../../Engine/Plugins/FX/Niagara/Content/Enums/ENiagara_IDAttributes.uasset" 822
"../../../Engine/Plugins/FX/Niagara/Content/Enums/ENiagara_IDAttributes.uexp" 823
"../../../Engine/Plugins/FX/Niagara/Content/Enums/ENiagaraRandomnessEvaluation.uasset" 824
"../../../Engine/Plugins/FX/Niagara/Content/Enums/ENiagaraRandomnessEvaluation.uexp" 825
"../../../Engine/Plugins/FX/Niagara/Content/Enums/ENiagara_DirectReadParticleIDSampling.uasset" 826
"../../../Engine/Plugins/FX/Niagara/Content/Enums/ENiagara_DirectReadParticleIDSampling.uexp" 827
"../../../Engine/Plugins/FX/Niagara/Content/Enums/ENiagaraBoneSocketSamplingMode.uasset" 828
"../../../Engine/Plugins/FX/Niagara/Content/Enums/ENiagaraBoneSocketSamplingMode.uexp" 829
"../../../Engine/Plugins/FX/Niagara/Content/Enums/ENiagara_CollisionType.uasset" 830
"../../../Engine/Plugins/FX/Niagara/Content/Enums/ENiagara_CollisionType.uexp" 831
"../../../Engine/Plugins/FX/Niagara/Content/Enums/ENiagaraVector3_Channels.uasset" 832
"../../../Engine/Plugins/FX/Niagara/Content/Enums/ENiagaraVector3_Channels.uexp" 833
"../../../Engine/Plugins/FX/Niagara/Content/Enums/ENiagaraLinearColor_Channels.uasset" 834
"../../../Engine/Plugins/FX/Niagara/Content/Enums/ENiagaraLinearColor_Channels.uexp" 835
"../../../Engine/Plugins/FX/Niagara/Content/Enums/ENiagaraSkeletalSpawning.uasset" 836
"../../../Engine/Plugins/FX/Niagara/Content/Enums/ENiagaraSkeletalSpawning.uexp" 837
"../../../Engine/Plugins/FX/Niagara/Content/Enums/EniagaraAlternateRendererModes.uasset" 838
"../../../Engine/Plugins/FX/Niagara/Content/Enums/EniagaraAlternateRendererModes.uexp" 839
"../../../Engine/Plugins/FX/Niagara/Content/Enums/ENiagaraSkelSamplingFilteringMode.uasset" 840
"../../../Engine/Plugins/FX/Niagara/Content/Enums/ENiagaraSkelSamplingFilteringMode.uexp" 841
"../../../Engine/Plugins/FX/Niagara/Content/Enums/ENiagaraVector2_Channels.uasset" 842
"../../../Engine/Plugins/FX/Niagara/Content/Enums/ENiagaraVector2_Channels.uexp" 843
"../../../Engine/Plugins/FX/Niagara/Content/Enums/ENiagaraCurlNoiseQuality.uasset" 844
"../../../Engine/Plugins/FX/Niagara/Content/Enums/ENiagaraCurlNoiseQuality.uexp" 845
"../../../Engine/Plugins/FX/Niagara/Content/Enums/ENiagaraSkelSamplingModeFull.uasset" 846
"../../../Engine/Plugins/FX/Niagara/Content/Enums/ENiagaraSkelSamplingModeFull.uexp" 847
"../../../Engine/Plugins/FX/Niagara/Content/Enums/ENiagara_WrapClamp.uasset" 848
"../../../Engine/Plugins/FX/Niagara/Content/Enums/ENiagara_WrapClamp.uexp" 849
"../../../Engine/Plugins/FX/Niagara/Content/Enums/ENiagara_InfiniteLoopDuration.uasset" 850
"../../../Engine/Plugins/FX/Niagara/Content/Enums/ENiagara_InfiniteLoopDuration.uexp" 851
"../../../Engine/Plugins/FX/Niagara/Content/Enums/ENiagaraInactiveMode.uasset" 852
"../../../Engine/Plugins/FX/Niagara/Content/Enums/ENiagaraInactiveMode.uexp" 853
"../../../Engine/Plugins/FX/Niagara/Content/Enums/ENiagaraMeshSurfaceSamplingMode.uasset" 854
"../../../Engine/Plugins/FX/Niagara/Content/Enums/ENiagaraMeshSurfaceSamplingMode.uexp" 855
"../../../Engine/Plugins/FX/Niagara/Content/Enums/ENiagara_Waveforms.uasset" 856
"../../../Engine/Plugins/FX/Niagara/Content/Enums/ENiagara_Waveforms.uexp" 857
"../../../Engine/Plugins/FX/Niagara/Content/Enums/ENiagara_MultipleLerpCount.uasset" 858
"../../../Engine/Plugins/FX/Niagara/Content/Enums/ENiagara_MultipleLerpCount.uexp" 859
"../../../Engine/Plugins/FX/Niagara/Content/Enums/ENiagaraBooleanLogicOps.uasset" 860
"../../../Engine/Plugins/FX/Niagara/Content/Enums/ENiagaraBooleanLogicOps.uexp" 861
"../../../Engine/Plugins/FX/Niagara/Content/Enums/ENiagaraSkelMeshPositionSamplingMode.uasset" 862
"../../../Engine/Plugins/FX/Niagara/Content/Enums/ENiagaraSkelMeshPositionSamplingMode.uexp" 863
"../../../Engine/Plugins/FX/Niagara/Content/Enums/ENiagaraScaleColorMode.uasset" 864
"../../../Engine/Plugins/FX/Niagara/Content/Enums/ENiagaraScaleColorMode.uexp" 865
"../../../Engine/Plugins/FX/Niagara/Content/Enums/ENiagara_PositionInitializationMode.uasset" 866
"../../../Engine/Plugins/FX/Niagara/Content/Enums/ENiagara_PositionInitializationMode.uexp" 867
"../../../Engine/Plugins/FX/Niagara/Content/Enums/ENiagaraOrientationAxis.uasset" 868
"../../../Engine/Plugins/FX/Niagara/Content/Enums/ENiagaraOrientationAxis.uexp" 869
"../../../Engine/Plugins/FX/Niagara/Content/Enums/ENiagara_CPUCollisionType.uasset" 870
"../../../Engine/Plugins/FX/Niagara/Content/Enums/ENiagara_CPUCollisionType.uexp" 871
"../../../Engine/Plugins/FX/Niagara/Content/Enums/ENiagara_AttributeSamplingApplyOutput.uasset" 872
"../../../Engine/Plugins/FX/Niagara/Content/Enums/ENiagara_AttributeSamplingApplyOutput.uexp" 873
"../../../Engine/Plugins/FX/Niagara/Content/Enums/ENiagaraTorusDistributionMode.uasset" 874
"../../../Engine/Plugins/FX/Niagara/Content/Enums/ENiagaraTorusDistributionMode.uexp" 875
"../../../Engine/Plugins/FX/Niagara/Content/Enums/ENiagaraCalculateRadiusOptions.uasset" 876
"../../../Engine/Plugins/FX/Niagara/Content/Enums/ENiagaraCalculateRadiusOptions.uexp" 877
"../../../Engine/Plugins/FX/Niagara/Content/Enums/ENiagara_EmitterLocSamplingMode.uasset" 878
"../../../Engine/Plugins/FX/Niagara/Content/Enums/ENiagara_EmitterLocSamplingMode.uexp" 879
"../../../Engine/Plugins/FX/Niagara/Content/Enums/ENiagara_Float4Channel.uasset" 880
"../../../Engine/Plugins/FX/Niagara/Content/Enums/ENiagara_Float4Channel.uexp" 881
"../../../Engine/Plugins/FX/Niagara/Content/Enums/ENiagaraMeshSamplingMode.uasset" 882
"../../../Engine/Plugins/FX/Niagara/Content/Enums/ENiagaraMeshSamplingMode.uexp" 883
"../../../Engine/Plugins/FX/Niagara/Content/Enums/ENiagara_SpriteRotationMode.uasset" 884
"../../../Engine/Plugins/FX/Niagara/Content/Enums/ENiagara_SpriteRotationMode.uexp" 885
"../../../Engine/Plugins/FX/Niagara/Content/Enums/ENiagara_CameraProperties.uasset" 886
"../../../Engine/Plugins/FX/Niagara/Content/Enums/ENiagara_CameraProperties.uexp" 887
"../../../Engine/Plugins/FX/Niagara/Content/Enums/ENiagara_MassInitializationMode.uasset" 888
"../../../Engine/Plugins/FX/Niagara/Content/Enums/ENiagara_MassInitializationMode.uexp" 889
"../../../Engine/Plugins/FX/Niagara/Content/Enums/ENiagara_SubUVLookupMode.uasset" 890
"../../../Engine/Plugins/FX/Niagara/Content/Enums/ENiagara_SubUVLookupMode.uexp" 891
"../../../Engine/Plugins/FX/Niagara/Content/Enums/ENiagara_ColorInitializationMode.uasset" 892
"../../../Engine/Plugins/FX/Niagara/Content/Enums/ENiagara_ColorInitializationMode.uexp" 893
"../../../Engine/Plugins/FX/Niagara/Content/Enums/ENiagaraKillVolumeOptions.uasset" 894
"../../../Engine/Plugins/FX/Niagara/Content/Enums/ENiagaraKillVolumeOptions.uexp" 895
"../../../Engine/Plugins/FX/Niagara/Content/Enums/ENiagaraMassByVolume.uasset" 896
"../../../Engine/Plugins/FX/Niagara/Content/Enums/ENiagaraMassByVolume.uexp" 897
"../../../Engine/Plugins/FX/Niagara/Content/Enums/ENiagaraCollisionRadiusOptions.uasset" 898
"../../../Engine/Plugins/FX/Niagara/Content/Enums/ENiagaraCollisionRadiusOptions.uexp" 899
"../../../Engine/Plugins/FX/Niagara/Content/Enums/ENiagaraExecutionStateManagement.uasset" 900
"../../../Engine/Plugins/FX/Niagara/Content/Enums/ENiagaraExecutionStateManagement.uexp" 901
"../../../Engine/Plugins/FX/Niagara/Content/Enums/ENiagaraSkelMeshTransforms.uasset" 902
"../../../Engine/Plugins/FX/Niagara/Content/Enums/ENiagaraSkelMeshTransforms.uexp" 903
"../../../Engine/Plugins/FX/Niagara/Content/Enums/ENiagaraSystemInactiveMode.uasset" 904
"../../../Engine/Plugins/FX/Niagara/Content/Enums/ENiagaraSystemInactiveMode.uexp" 905
"../../../Engine/Plugins/FX/Niagara/Content/Enums/ENiagaraMeshOrSprite.uasset" 906
"../../../Engine/Plugins/FX/Niagara/Content/Enums/ENiagaraMeshOrSprite.uexp" 907
"../../../Engine/Plugins/FX/Niagara/Content/Enums/ENiagaraGPUDepthResponseType.uasset" 908
"../../../Engine/Plugins/FX/Niagara/Content/Enums/ENiagaraGPUDepthResponseType.uexp" 909
"../../../Engine/Plugins/FX/Niagara/Content/Enums/ENiagaraMassCalculationForRendererTypes.uasset" 910
"../../../Engine/Plugins/FX/Niagara/Content/Enums/ENiagaraMassCalculationForRendererTypes.uexp" 911
"../../../Engine/Plugins/FX/Niagara/Content/Enums/ENiagaraEmitterScalabilityMode_Limited.uasset" 912
"../../../Engine/Plugins/FX/Niagara/Content/Enums/ENiagaraEmitterScalabilityMode_Limited.uexp" 913
"../../../Engine/Plugins/FX/Niagara/Content/Enums/ENiagaraSUbUVAnimationMode.uasset" 914
"../../../Engine/Plugins/FX/Niagara/Content/Enums/ENiagaraSUbUVAnimationMode.uexp" 915
"../../../Engine/Plugins/FX/Niagara/Content/Enums/ENiagaraRegionCoordinateSpace.uasset" 916
"../../../Engine/Plugins/FX/Niagara/Content/Enums/ENiagaraRegionCoordinateSpace.uexp" 917
"../../../Engine/Plugins/FX/Niagara/Content/Enums/ENiagaraSimulationTarget.uasset" 918
"../../../Engine/Plugins/FX/Niagara/Content/Enums/ENiagaraSimulationTarget.uexp" 919
"../../../Engine/Plugins/FX/Niagara/Content/Enums/ENiagaraSphereDistributionMode.uasset" 920
"../../../Engine/Plugins/FX/Niagara/Content/Enums/ENiagaraSphereDistributionMode.uexp" 921
"../../../Engine/Plugins/FX/Niagara/Content/Enums/ENiagara_AudioParamType.uasset" 922
"../../../Engine/Plugins/FX/Niagara/Content/Enums/ENiagara_AudioParamType.uexp" 923
"../../../Engine/Plugins/FX/Niagara/Content/Enums/ENiagaraRandomnessMode.uasset" 924
"../../../Engine/Plugins/FX/Niagara/Content/Enums/ENiagaraRandomnessMode.uexp" 925
"../../../Engine/Plugins/FX/Niagara/Content/Enums/ENiagara_UVFlippingMode.uasset" 926
"../../../Engine/Plugins/FX/Niagara/Content/Enums/ENiagara_UVFlippingMode.uexp" 927
"../../../Engine/Plugins/FX/Niagara/Content/Enums/ENiagara_BankOnTurns.uasset" 928
"../../../Engine/Plugins/FX/Niagara/Content/Enums/ENiagara_BankOnTurns.uexp" 929
"../../../Engine/Plugins/FX/Niagara/Content/Enums/ENiagara_FadeOperationType.uasset" 930
"../../../Engine/Plugins/FX/Niagara/Content/Enums/ENiagara_FadeOperationType.uexp" 931
"../../../Engine/Plugins/FX/Niagara/Content/Enums/ENiagaraGridPlacementType.uasset" 932
"../../../Engine/Plugins/FX/Niagara/Content/Enums/ENiagaraGridPlacementType.uexp" 933
"../../../Engine/Plugins/FX/Niagara/Content/Enums/ENiagaraRestitutionMergeType.uasset" 934
"../../../Engine/Plugins/FX/Niagara/Content/Enums/ENiagaraRestitutionMergeType.uexp" 935
"../../../Engine/Plugins/FX/Niagara/Content/Enums/ENiagara_CameraMeshOrientation.uasset" 936
"../../../Engine/Plugins/FX/Niagara/Content/Enums/ENiagara_CameraMeshOrientation.uexp" 937
"../../../Engine/Plugins/FX/Niagara/Content/Enums/ENiagaraArraySamplingMode.uasset" 938
"../../../Engine/Plugins/FX/Niagara/Content/Enums/ENiagaraArraySamplingMode.uexp" 939
"../../../Engine/Plugins/FX/Niagara/Content/Enums/ENiagaraEmitterScalabilityMode.uasset" 940
"../../../Engine/Plugins/FX/Niagara/Content/Enums/ENiagaraEmitterScalabilityMode.uexp" 941
"../../../Engine/Plugins/FX/Niagara/Content/Enums/ENiagara_LifetimeInheritanceOptions.uasset" 942
"../../../Engine/Plugins/FX/Niagara/Content/Enums/ENiagara_LifetimeInheritanceOptions.uexp" 943
"../../../Engine/Plugins/FX/Niagara/Content/Enums/ENiagaraBooleanLogicOps_v2.uasset" 944
"../../../Engine/Plugins/FX/Niagara/Content/Enums/ENiagaraBooleanLogicOps_v2.uexp" 945
"../../../Engine/Plugins/FX/Niagara/Content/Enums/ENiagaraChannelCorrelation.uasset" 946
"../../../Engine/Plugins/FX/Niagara/Content/Enums/ENiagaraChannelCorrelation.uexp" 947
"../../../Engine/Plugins/FX/Niagara/Content/Enums/ENiagara_DirectReadApplicationMode.uasset" 948
"../../../Engine/Plugins/FX/Niagara/Content/Enums/ENiagara_DirectReadApplicationMode.uexp" 949
"../../../Engine/Plugins/FX/Niagara/Content/Enums/ENiagara_EmitterStateOptions.uasset" 950
"../../../Engine/Plugins/FX/Niagara/Content/Enums/ENiagara_EmitterStateOptions.uexp" 951
"../../../Engine/Plugins/FX/Niagara/Content/Enums/ENiagaraCoordinateSpace.uasset" 952
"../../../Engine/Plugins/FX/Niagara/Content/Enums/ENiagaraCoordinateSpace.uexp" 953
"../../../Engine/Plugins/FX/Niagara/Content/Enums/ENiagaraFrictionMergeType.uasset" 954
"../../../Engine/Plugins/FX/Niagara/Content/Enums/ENiagaraFrictionMergeType.uexp" 955
"../../../Engine/Plugins/FX/Niagara/Content/Enums/Niagara_Units.uasset" 956
"../../../Engine/Plugins/FX/Niagara/Content/Enums/Niagara_Units.uexp" 957
"../../../Engine/Plugins/FX/Niagara/Content/Enums/ENiagara_WaveformCount.uasset" 958
"../../../Engine/Plugins/FX/Niagara/Content/Enums/ENiagara_WaveformCount.uexp" 959
"../../../Engine/Plugins/FX/Niagara/Content/Enums/ENiagaraTorusMode.uasset" 960
"../../../Engine/Plugins/FX/Niagara/Content/Enums/ENiagaraTorusMode.uexp" 961
"../../../Engine/Plugins/FX/Niagara/Content/Enums/ENiagara_LifetimeMode.uasset" 962
"../../../Engine/Plugins/FX/Niagara/Content/Enums/ENiagara_LifetimeMode.uexp" 963
"../../../Engine/Plugins/FX/Niagara/Content/Enums/ENiagara_SpawnBurstMode.uasset" 964
"../../../Engine/Plugins/FX/Niagara/Content/Enums/ENiagara_SpawnBurstMode.uexp" 965
"../../../Engine/Plugins/FX/Niagara/Content/Enums/ENiagara_TransformOrientationMode.uasset" 966
"../../../Engine/Plugins/FX/Niagara/Content/Enums/ENiagara_TransformOrientationMode.uexp" 967
"../../../Engine/Plugins/FX/Niagara/Content/Enums/ENiagara_SizeScaleMode.uasset" 968
"../../../Engine/Plugins/FX/Niagara/Content/Enums/ENiagara_SizeScaleMode.uexp" 969
"../../../Engine/Plugins/FX/Niagara/Content/Enums/CascadeConversion/ECascadeNiagaraOrbitChainMode.uasset" 970
"../../../Engine/Plugins/FX/Niagara/Content/Enums/CascadeConversion/ECascadeNiagaraOrbitChainMode.uexp" 971
"../../../Engine/Plugins/FX/Niagara/Content/Enums/CascadeConversion/ECascadeNiagaraTwoVectorChannels.uasset" 972
"../../../Engine/Plugins/FX/Niagara/Content/Enums/CascadeConversion/ECascadeNiagaraTwoVectorChannels.uexp" 973
"../../../Engine/Plugins/FX/Niagara/Content/Enums/Location/ENiagara_CylinderMode.uasset" 974
"../../../Engine/Plugins/FX/Niagara/Content/Enums/Location/ENiagara_CylinderMode.uexp" 975
"../../../Engine/Plugins/FX/Niagara/Content/Enums/Ribbons/ENiagara_UnsetDirectSet.uasset" 976
"../../../Engine/Plugins/FX/Niagara/Content/Enums/Ribbons/ENiagara_UnsetDirectSet.uexp" 977
"../../../Engine/Plugins/FX/Niagara/Content/Enums/Ribbons/ENiagara_UnsetDirectSetRandom.uasset" 978
"../../../Engine/Plugins/FX/Niagara/Content/Enums/Ribbons/ENiagara_UnsetDirectSetRandom.uexp" 979
"../../../Engine/Plugins/FX/Niagara/Content/Enums/Audio/PlayAudioMode.uasset" 980
"../../../Engine/Plugins/FX/Niagara/Content/Enums/Audio/PlayAudioMode.uexp" 981
"../../../Engine/Plugins/FX/Niagara/Content/Enums/Transforms/ENiagara_TransformOrder.uasset" 982
"../../../Engine/Plugins/FX/Niagara/Content/Enums/Transforms/ENiagara_TransformOrder.uexp" 983
"../../../Engine/Plugins/FX/Niagara/Content/Enums/Transforms/ENiagara_RotationMode.uasset" 984
"../../../Engine/Plugins/FX/Niagara/Content/Enums/Transforms/ENiagara_RotationMode.uexp" 985
"../../../Engine/Plugins/FX/Niagara/Content/Enums/Transforms/ENiagara_OffsetMode.uasset" 986
"../../../Engine/Plugins/FX/Niagara/Content/Enums/Transforms/ENiagara_OffsetMode.uexp" 987
"../../../Engine/Plugins/FX/Niagara/Content/Enums/Transforms/ENiagara_ScaleMode.uasset" 988
"../../../Engine/Plugins/FX/Niagara/Content/Enums/Transforms/ENiagara_ScaleMode.uexp" 989
"../../../Engine/Plugins/FX/Niagara/Content/Enums/Transforms/ENiagara_TransformType.uasset" 990
"../../../Engine/Plugins/FX/Niagara/Content/Enums/Transforms/ENiagara_TransformType.uexp" 991
"../../../Engine/Plugins/FX/Niagara/Content/Enums/Comparison/CompareValues.uasset" 992
"../../../Engine/Plugins/FX/Niagara/Content/Enums/Comparison/CompareValues.uexp" 993
"../../../Engine/Plugins/FX/Niagara/Content/Enums/Events/ENiagara_LocEventType.uasset" 994
"../../../Engine/Plugins/FX/Niagara/Content/Enums/Events/ENiagara_LocEventType.uexp" 995
"../../../Engine/Plugins/FX/Niagara/Content/Enums/Angles/ENiagara_AngleInput.uasset" 996
"../../../Engine/Plugins/FX/Niagara/Content/Enums/Angles/ENiagara_AngleInput.uexp" 997
"../../../Engine/Plugins/FX/Niagara/Content/Enums/SpriteRenderer/ENiagara_ScaleSpriteSize.uasset" 998
"../../../Engine/Plugins/FX/Niagara/Content/Enums/SpriteRenderer/ENiagara_ScaleSpriteSize.uexp" 999
"../../../Engine/Plugins/FX/Niagara/Content/Enums/Masks/ENiagaraDebugDrawShape.uasset" 1000
"../../../Engine/Plugins/FX/Niagara/Content/Enums/Masks/ENiagaraDebugDrawShape.uexp" 1001
"../../../Engine/Plugins/FX/Niagara/Content/Enums/Masks/ENiagaraRegionMaskValue.uasset" 1002
"../../../Engine/Plugins/FX/Niagara/Content/Enums/Masks/ENiagaraRegionMaskValue.uexp" 1003
"../../../Engine/Plugins/FX/Niagara/Content/Enums/Utility/ENiagara_TImelineMode.uasset" 1004
"../../../Engine/Plugins/FX/Niagara/Content/Enums/Utility/ENiagara_TImelineMode.uexp" 1005
"../../../Engine/Plugins/FX/Niagara/Content/Enums/Utility/ENiagara_TimelineOutputMode.uasset" 1006
"../../../Engine/Plugins/FX/Niagara/Content/Enums/Utility/ENiagara_TimelineOutputMode.uexp" 1007
"../../../Engine/Plugins/FX/Niagara/Content/Enums/Utility/ENiagara_TimelineOutput.uasset" 1008
"../../../Engine/Plugins/FX/Niagara/Content/Enums/Utility/ENiagara_TimelineOutput.uexp" 1009
"../../../Engine/Plugins/FX/Niagara/Content/Enums/Utility/ENiagara_TimelineAuthority.uasset" 1010
"../../../Engine/Plugins/FX/Niagara/Content/Enums/Utility/ENiagara_TimelineAuthority.uexp" 1011
"../../../Engine/Plugins/FX/Niagara/Content/Icons/S_ParticleSystem.uasset" 1012
"../../../Engine/Plugins/FX/Niagara/Content/Icons/S_ParticleSystem.uexp" 1013
"../../../Engine/Plugins/FX/Niagara/Content/Icons/S_ParticleSystem.ubulk" 1014
"../../../Engine/Plugins/FX/Niagara/Content/Functions/PivotPainter/PivotPainter8BitTextureAlphaDataTypes.uasset" 1015
"../../../Engine/Plugins/FX/Niagara/Content/Functions/PivotPainter/PivotPainter8BitTextureAlphaDataTypes.uexp" 1016
"../../../Engine/Plugins/FX/Niagara/Content/Functions/PivotPainter/PivotPainterTextureRGBDataTypes.uasset" 1017
"../../../Engine/Plugins/FX/Niagara/Content/Functions/PivotPainter/PivotPainterTextureRGBDataTypes.uexp" 1018
"../../../Engine/Plugins/FX/Niagara/Content/Functions/PivotPainter/PivotPainter16bitTextureAlphaDataTypes.uasset" 1019
"../../../Engine/Plugins/FX/Niagara/Content/Functions/PivotPainter/PivotPainter16bitTextureAlphaDataTypes.uexp" 1020
"../../../Engine/Content/BasicShapes/Cylinder.uasset" 1021
"../../../Engine/Content/BasicShapes/Cylinder.uexp" 1022
"../../../Engine/Content/ArtTools/RenderToTexture/Materials/Debug/M_Emissive_Color.uasset" 1023
"../../../Engine/Content/ArtTools/RenderToTexture/Materials/Debug/M_Emissive_Color.uexp" 1024
"../../../Engine/Plugins/Lumin/MagicLeapPassableWorld/Content/MagicLeapARPinInfoActor.uasset" 1025
"../../../Engine/Plugins/Lumin/MagicLeapPassableWorld/Content/MagicLeapARPinInfoActor.uexp" 1026
"../../../Engine/Plugins/2D/Paper2D/Content/PlaceholderTextures/DummySpriteTexture.uasset" 1027
"../../../Engine/Plugins/2D/Paper2D/Content/PlaceholderTextures/DummySpriteTexture.uexp" 1028
"../../../Engine/Plugins/2D/Paper2D/Content/PlaceholderTextures/DummySpriteTexture.ubulk" 1029
"../../../Engine/Plugins/2D/Paper2D/Content/DefaultSpriteMaterial.uasset" 1030
"../../../Engine/Plugins/2D/Paper2D/Content/DefaultSpriteMaterial.uexp" 1031
"../../../Engine/Plugins/2D/Paper2D/Content/OpaqueUnlitSpriteMaterial.uasset" 1032
"../../../Engine/Plugins/2D/Paper2D/Content/OpaqueUnlitSpriteMaterial.uexp" 1033
"../../../Engine/Plugins/2D/Paper2D/Content/DummySprite.uasset" 1034
"../../../Engine/Plugins/2D/Paper2D/Content/DummySprite.uexp" 1035
"../../../Engine/Plugins/2D/Paper2D/Content/DefaultPaperTerrainMaterial.uasset" 1036
"../../../Engine/Plugins/2D/Paper2D/Content/DefaultPaperTerrainMaterial.uexp" 1037
"../../../Engine/Plugins/2D/Paper2D/Content/MaskedUnlitSpriteMaterial.uasset" 1038
"../../../Engine/Plugins/2D/Paper2D/Content/MaskedUnlitSpriteMaterial.uexp" 1039
"../../../Engine/Plugins/Editor/SpeedTreeImporter/Content/SpeedTree9/EmptyNormal.uasset" 1040
"../../../Engine/Plugins/Editor/SpeedTreeImporter/Content/SpeedTree9/EmptyNormal.uexp" 1041
"../../../Engine/Plugins/Editor/SpeedTreeImporter/Content/SpeedTree9/Empty.uasset" 1042
"../../../Engine/Plugins/Editor/SpeedTreeImporter/Content/SpeedTree9/Empty.uexp" 1043
"../../../Engine/Plugins/Editor/SpeedTreeImporter/Content/SpeedTree9/UnpackInteger3.uasset" 1044
"../../../Engine/Plugins/Editor/SpeedTreeImporter/Content/SpeedTree9/UnpackInteger3.uexp" 1045
"../../../Engine/Plugins/Editor/SpeedTreeImporter/Content/SpeedTree9/SpeedTreeBillboard.uasset" 1046
"../../../Engine/Plugins/Editor/SpeedTreeImporter/Content/SpeedTree9/SpeedTreeBillboard.uexp" 1047
"../../../Engine/Plugins/Editor/SpeedTreeImporter/Content/SpeedTree9/UnpackDirection.uasset" 1048
"../../../Engine/Plugins/Editor/SpeedTreeImporter/Content/SpeedTree9/UnpackDirection.uexp" 1049
"../../../Engine/Plugins/Editor/SpeedTreeImporter/Content/SpeedTree9/game_wind_noise.uasset" 1050
"../../../Engine/Plugins/Editor/SpeedTreeImporter/Content/SpeedTree9/game_wind_noise.uexp" 1051
"../../../Engine/Plugins/Editor/SpeedTreeImporter/Content/SpeedTree9/game_wind_noise.ubulk" 1052
"../../../Engine/Content/Functions/Engine_MaterialFunctions02/SafeNormalize.uasset" 1053
"../../../Engine/Content/Functions/Engine_MaterialFunctions02/SafeNormalize.uexp" 1054
"../../../Engine/Plugins/Editor/SpeedTreeImporter/Content/SpeedTree9/SpeedTreeWindMotion.uasset" 1055
"../../../Engine/Plugins/Editor/SpeedTreeImporter/Content/SpeedTree9/SpeedTreeWindMotion.uexp" 1056
"../../../Engine/Plugins/Editor/SpeedTreeImporter/Content/SpeedTree9/SpeedTreeBranchMotion.uasset" 1057
"../../../Engine/Plugins/Editor/SpeedTreeImporter/Content/SpeedTree9/SpeedTreeBranchMotion.uexp" 1058
"../../../Engine/Content/Functions/Engine_MaterialFunctions02/ObjectLocalBounds.uasset" 1059
"../../../Engine/Content/Functions/Engine_MaterialFunctions02/ObjectLocalBounds.uexp" 1060
"../../../Engine/Content/Functions/Engine_MaterialFunctions02/UVs/BoundingBoxBased_0-1_UVW.uasset" 1061
"../../../Engine/Content/Functions/Engine_MaterialFunctions02/UVs/BoundingBoxBased_0-1_UVW.uexp" 1062
"../../../Engine/Content/Functions/Engine_MaterialFunctions02/WorldPositionOffset/ObjectScale.uasset" 1063
"../../../Engine/Content/Functions/Engine_MaterialFunctions02/WorldPositionOffset/ObjectScale.uexp" 1064
"../../../Engine/Plugins/Editor/SpeedTreeImporter/Content/SpeedTree9/SpeedTreeWind.uasset" 1065
"../../../Engine/Plugins/Editor/SpeedTreeImporter/Content/SpeedTree9/SpeedTreeWind.uexp" 1066
"../../../Engine/Plugins/Editor/SpeedTreeImporter/Content/SpeedTree9/SpeedTreeBillboardMaster.uasset" 1067
"../../../Engine/Plugins/Editor/SpeedTreeImporter/Content/SpeedTree9/SpeedTreeBillboardMaster.uexp" 1068
"../../../Engine/Plugins/Editor/SpeedTreeImporter/Content/SpeedTree9/SpeedTreeCameraFacing.uasset" 1069
"../../../Engine/Plugins/Editor/SpeedTreeImporter/Content/SpeedTree9/SpeedTreeCameraFacing.uexp" 1070
"../../../Engine/Plugins/Editor/SpeedTreeImporter/Content/SpeedTree9/SpeedTreeMaster.uasset" 1071
"../../../Engine/Plugins/Editor/SpeedTreeImporter/Content/SpeedTree9/SpeedTreeMaster.uexp" 1072
"../../../Engine/Content/Maps/Entry_BuiltData.uasset" 1073
"../../../Engine/Content/Maps/Entry_BuiltData.uexp" 1074
"../../../Engine/Content/Maps/Entry.uexp" 1075
"../../../Engine/Content/Maps/Entry.umap" 1076
"/Users/pedro/Documents/GitHub/TacticalBeenShoter/Content/_Main/HUD/NetworkWidget.uasset" 1077
"/Users/pedro/Documents/GitHub/TacticalBeenShoter/Content/_Main/HUD/NetworkWidget.uexp" 1078
"../../../Engine/Content/EngineSky/T_Sky_Stars.uasset" 1079
"../../../Engine/Content/EngineSky/T_Sky_Stars.uexp" 1080
"../../../Engine/Content/EngineSky/T_Sky_Stars.ubulk" 1081
"../../../Engine/Content/EngineSky/T_Sky_Clouds_M.uasset" 1082
"../../../Engine/Content/EngineSky/T_Sky_Clouds_M.uexp" 1083
"../../../Engine/Content/EngineSky/T_Sky_Clouds_M.ubulk" 1084
"../../../Engine/Content/EngineSky/T_Sky_Blue.uasset" 1085
"../../../Engine/Content/EngineSky/T_Sky_Blue.uexp" 1086
"../../../Engine/Content/EngineSky/T_Sky_Blue.ubulk" 1087
"../../../Engine/Content/MapTemplates/SM_Template_Map_Floor.uasset" 1088
"../../../Engine/Content/MapTemplates/SM_Template_Map_Floor.uexp" 1089
"../../../Engine/Content/EngineSky/M_Sky_Panning_Clouds2.uasset" 1090
"../../../Engine/Content/EngineSky/M_Sky_Panning_Clouds2.uexp" 1091
"../../../Engine/Content/EngineSky/C_Sky_Horizon_Color.uasset" 1092
"../../../Engine/Content/EngineSky/C_Sky_Horizon_Color.uexp" 1093
"../../../Engine/Content/EngineSky/C_Sky_Cloud_Color.uasset" 1094
"../../../Engine/Content/EngineSky/C_Sky_Cloud_Color.uexp" 1095
"../../../Engine/Content/EngineSky/C_Sky_Zenith_Color.uasset" 1096
"../../../Engine/Content/EngineSky/C_Sky_Zenith_Color.uexp" 1097
"../../../Engine/Content/EngineSky/SM_SkySphere.uasset" 1098
"../../../Engine/Content/EngineSky/SM_SkySphere.uexp" 1099
"../../../Engine/Content/EditorBlueprintResources/StandardMacros.uasset" 1100
"../../../Engine/Content/EditorBlueprintResources/StandardMacros.uexp" 1101
"../../../Engine/Content/EngineSky/BP_Sky_Sphere.uasset" 1102
"../../../Engine/Content/EngineSky/BP_Sky_Sphere.uexp" 1103
"/Users/pedro/Documents/GitHub/TacticalBeenShoter/Content/_Main/Maps/BeanTest_BuiltData.uasset" 1104
"/Users/pedro/Documents/GitHub/TacticalBeenShoter/Content/_Main/Maps/BeanTest_BuiltData.uexp" 1105
"/Users/pedro/Documents/GitHub/TacticalBeenShoter/Content/_Main/Maps/BeanTest_BuiltData.ubulk" 1106
"/Users/pedro/Documents/GitHub/TacticalBeenShoter/Content/_Main/Maps/BeanTest.uexp" 1107
"/Users/pedro/Documents/GitHub/TacticalBeenShoter/Content/_Main/Maps/BeanTest.umap" 1108
"/Users/pedro/Documents/GitHub/TacticalBeenShoter/Content/_Main/PlayerControllers/MyMainMenuPCBP.uasset" 1109
"/Users/pedro/Documents/GitHub/TacticalBeenShoter/Content/_Main/PlayerControllers/MyMainMenuPCBP.uexp" 1110
"/Users/pedro/Documents/GitHub/TacticalBeenShoter/Content/_Main/Gamemodes/MyMainMenuGameBaseBP.uasset" 1111
"/Users/pedro/Documents/GitHub/TacticalBeenShoter/Content/_Main/Gamemodes/MyMainMenuGameBaseBP.uexp" 1112
"/Users/pedro/Documents/GitHub/TacticalBeenShoter/Content/_Main/Maps/MainMenu.uexp" 1113
"/Users/pedro/Documents/GitHub/TacticalBeenShoter/Content/_Main/Maps/MainMenu.umap" 1114
